2014-02-20 12:54:40,430 [5] Orchard.Environment.Extensions.ExtensionLoaderCoordinator - No loader found for extension "imagepowertools_28a2f1dc98c7"!
2014-02-20 12:54:40,978 [5] Orchard.Environment.Extensions.ExtensionManager - No suitable loader found for extension "MyTheme"
2014-02-20 12:54:54,562 [6] Orchard.Environment.Extensions.ExtensionManager - No suitable loader found for extension "imagepowertools_28a2f1dc98c7"
2014-02-20 12:54:55,423 [7] Orchard.Environment.Extensions.ExtensionLoaderCoordinator - No loader found for extension "imagepowertools_28a2f1dc98c7"!
2014-02-20 12:55:15,240 [8] Orchard.Environment.Extensions.ExtensionLoaderCoordinator - No loader found for extension "imagepowertools_28a2f1dc98c7"!
2014-02-20 13:01:56,111 [5] Orchard.Environment.Extensions.ExtensionLoaderCoordinator - No loader found for extension "imagepowertools_28a2f1dc98c7"!
2014-02-20 13:01:59,543 [5] Orchard.Environment.Extensions.ExtensionManager - No suitable loader found for extension "MyTheme"
2014-02-20 15:08:48,068 [5] Orchard.Environment.Extensions.ExtensionLoaderCoordinator - No loader found for extension "imagepowertools_28a2f1dc98c7"!
2014-02-20 15:08:51,722 [5] Orchard.Environment.Extensions.ExtensionManager - No suitable loader found for extension "MyTheme"
2014-02-20 15:14:04,523 [17] Orchard.Environment.Extensions.ExtensionLoaderCoordinator - No loader found for extension "imagepowertools_28a2f1dc98c7"!
2014-02-20 15:14:05,950 [11] Orchard.Environment.Extensions.ExtensionLoaderCoordinator - No loader found for extension "imagepowertools_28a2f1dc98c7"!
2014-02-20 15:14:07,299 [11] Orchard.Environment.Extensions.ExtensionManager - No suitable loader found for extension "MyTheme"
2014-02-20 15:47:42,601 [14] Orchard.Environment.Extensions.ExtensionLoaderCoordinator - No loader found for extension "imagepowertools_28a2f1dc98c7"!
2014-02-20 15:47:43,757 [9] Orchard.Environment.Extensions.ExtensionLoaderCoordinator - No loader found for extension "imagepowertools_28a2f1dc98c7"!
2014-02-20 15:47:44,521 [9] Orchard.Environment.Extensions.ExtensionManager - No suitable loader found for extension "MyTheme"
2014-02-20 15:51:34,718 [32] Orchard.Environment.Extensions.ExtensionLoaderCoordinator - No loader found for extension "imagepowertools_28a2f1dc98c7"!
2014-02-20 15:51:54,431 [28] Orchard.Environment.Extensions.ExtensionLoaderCoordinator - No loader found for extension "imagepowertools_28a2f1dc98c7"!
2014-02-20 15:51:54,835 [28] Orchard.Environment.Extensions.ExtensionManager - No suitable loader found for extension "MyTheme"
2014-02-20 15:52:42,047 [17] Orchard.Environment.Extensions.ExtensionLoaderCoordinator - No loader found for extension "imagepowertools_28a2f1dc98c7"!
2014-02-20 15:52:43,209 [31] Orchard.Environment.Extensions.ExtensionLoaderCoordinator - No loader found for extension "imagepowertools_28a2f1dc98c7"!
2014-02-20 15:52:43,695 [31] Orchard.Environment.Extensions.ExtensionManager - No suitable loader found for extension "MyTheme"
2014-02-20 16:01:04,120 [5] Orchard.Environment.Extensions.ExtensionLoaderCoordinator - No loader found for extension "imagepowertools_28a2f1dc98c7"!
2014-02-20 16:01:06,725 [5] Orchard.Environment.Extensions.ExtensionManager - No suitable loader found for extension "MyTheme"
2014-02-20 16:40:15,762 [16] Orchard.Environment.Extensions.ExtensionLoaderCoordinator - No loader found for extension "imagepowertools_28a2f1dc98c7"!
2014-02-20 16:40:16,185 [16] Orchard.Environment.Extensions.ExtensionManager - No suitable loader found for extension "MyTheme"
2014-02-20 16:43:02,944 [33] Orchard.Environment.Extensions.ExtensionLoaderCoordinator - No loader found for extension "imagepowertools_28a2f1dc98c7"!
2014-02-20 16:43:03,368 [33] Orchard.Environment.Extensions.ExtensionManager - No suitable loader found for extension "MyTheme"
2014-02-20 16:45:57,014 [5] Orchard.Environment.Extensions.ExtensionLoaderCoordinator - No loader found for extension "imagepowertools_28a2f1dc98c7"!
2014-02-20 16:46:00,682 [5] Orchard.Environment.Extensions.ExtensionManager - No suitable loader found for extension "MyTheme"
2014-02-20 16:49:19,307 [5] Orchard.Environment.Extensions.ExtensionLoaderCoordinator - No loader found for extension "imagepowertools_28a2f1dc98c7"!
2014-02-20 16:49:22,004 [5] Orchard.Environment.Extensions.ExtensionManager - No suitable loader found for extension "MyTheme"
2014-02-20 16:55:48,184 [5] Orchard.Environment.Extensions.ExtensionLoaderCoordinator - No loader found for extension "imagepowertools_28a2f1dc98c7"!
2014-02-20 16:55:51,056 [5] Orchard.Environment.Extensions.ExtensionManager - No suitable loader found for extension "MyTheme"
2014-02-20 16:57:47,444 [5] Orchard.Environment.Extensions.ExtensionLoaderCoordinator - No loader found for extension "imagepowertools_28a2f1dc98c7"!
2014-02-20 16:57:50,182 [5] Orchard.Environment.Extensions.ExtensionManager - No suitable loader found for extension "MyTheme"
2014-02-20 17:26:56,656 [5] Orchard.Environment.Extensions.ExtensionLoaderCoordinator - No loader found for extension "imagepowertools_28a2f1dc98c7"!
2014-02-20 17:26:59,888 [5] Orchard.Environment.Extensions.ExtensionManager - No suitable loader found for extension "MyTheme"
2014-02-20 17:29:23,013 [6] Orchard.Environment.Extensions.ExtensionLoaderCoordinator - No loader found for extension "imagepowertools_28a2f1dc98c7"!
2014-02-20 17:29:26,691 [6] Orchard.Environment.Extensions.ExtensionManager - No suitable loader found for extension "MyTheme"
2014-02-20 17:31:45,514 [5] Orchard.Environment.Extensions.ExtensionLoaderCoordinator - No loader found for extension "imagepowertools_28a2f1dc98c7"!
2014-02-20 17:31:48,447 [5] Orchard.Environment.Extensions.ExtensionManager - No suitable loader found for extension "MyTheme"
2014-02-20 17:34:11,342 [5] Orchard.Environment.Extensions.ExtensionLoaderCoordinator - No loader found for extension "imagepowertools_28a2f1dc98c7"!
2014-02-20 17:34:14,072 [5] Orchard.Environment.Extensions.ExtensionManager - No suitable loader found for extension "MyTheme"
2014-02-20 17:45:40,016 [20] Orchard.Environment.Extensions.ExtensionManager - No suitable loader found for extension "imagepowertools_28a2f1dc98c7"
2014-02-20 17:45:42,503 [14] Orchard.Environment.Extensions.ExtensionLoaderCoordinator - No loader found for extension "imagepowertools_28a2f1dc98c7"!
2014-02-20 17:45:58,777 [23] Orchard.Environment.Extensions.ExtensionLoaderCoordinator - No loader found for extension "imagepowertools_28a2f1dc98c7"!
2014-02-20 18:04:39,120 [5] Orchard.Environment.Extensions.ExtensionLoaderCoordinator - No loader found for extension "imagepowertools_28a2f1dc98c7"!
2014-02-20 18:04:42,281 [5] Orchard.Environment.Extensions.ExtensionManager - No suitable loader found for extension "MyTheme"
2014-02-20 18:35:57,903 [34] Orchard.Email.Services.EmailMessagingChannel - An unexpected error while sending a message to reliagram@gmail.com: ActionEmail
System.Net.Mail.SmtpException: ???????????? ??? ????????? ?????. ????? ???????: 5.7.1 Sender address rejected: not owned by auth user.
   ? System.Net.Mail.MailCommand.CheckResponse(SmtpStatusCode statusCode, String response)
   ? System.Net.Mail.MailCommand.Send(SmtpConnection conn, Byte[] command, MailAddress from, Boolean allowUnicode)
   ? System.Net.Mail.SmtpTransport.SendMail(MailAddress sender, MailAddressCollection recipients, String deliveryNotify, Boolean allowUnicode, SmtpFailedRecipientException& exception)
   ? System.Net.Mail.SmtpClient.Send(MailMessage message)
   ? Orchard.Email.Services.EmailMessagingChannel.SendMessage(MessageContext context)
2014-02-20 18:36:06,133 [34] Orchard.Email.Services.EmailMessagingChannel - An unexpected error while sending a message to reliagram@gmail.com: ActionEmail
System.Net.Mail.SmtpException: ???????????? ??? ????????? ?????. ????? ???????: 5.7.1 Sender address rejected: not owned by auth user.
   ? System.Net.Mail.MailCommand.CheckResponse(SmtpStatusCode statusCode, String response)
   ? System.Net.Mail.MailCommand.Send(SmtpConnection conn, Byte[] command, MailAddress from, Boolean allowUnicode)
   ? System.Net.Mail.SmtpTransport.SendMail(MailAddress sender, MailAddressCollection recipients, String deliveryNotify, Boolean allowUnicode, SmtpFailedRecipientException& exception)
   ? System.Net.Mail.SmtpClient.Send(MailMessage message)
   ? Orchard.Email.Services.EmailMessagingChannel.SendMessage(MessageContext context)
2014-02-20 18:37:41,534 [30] Orchard.Email.Services.EmailMessagingChannel - An unexpected error while sending a message to reliagram@gmail.com: ActionEmail
System.Net.Mail.SmtpException: ???????????? ??? ????????? ?????. ????? ???????: 5.7.1 Sender address rejected: not owned by auth user.
   ? System.Net.Mail.MailCommand.CheckResponse(SmtpStatusCode statusCode, String response)
   ? System.Net.Mail.MailCommand.Send(SmtpConnection conn, Byte[] command, MailAddress from, Boolean allowUnicode)
   ? System.Net.Mail.SmtpTransport.SendMail(MailAddress sender, MailAddressCollection recipients, String deliveryNotify, Boolean allowUnicode, SmtpFailedRecipientException& exception)
   ? System.Net.Mail.SmtpClient.Send(MailMessage message)
   ? Orchard.Email.Services.EmailMessagingChannel.SendMessage(MessageContext context)
2014-02-20 18:37:46,068 [30] Orchard.Email.Services.EmailMessagingChannel - An unexpected error while sending a message to reliagram@gmail.com: ActionEmail
System.Net.Mail.SmtpException: ???????????? ??? ????????? ?????. ????? ???????: 5.7.1 Sender address rejected: not owned by auth user.
   ? System.Net.Mail.MailCommand.CheckResponse(SmtpStatusCode statusCode, String response)
   ? System.Net.Mail.MailCommand.Send(SmtpConnection conn, Byte[] command, MailAddress from, Boolean allowUnicode)
   ? System.Net.Mail.SmtpTransport.SendMail(MailAddress sender, MailAddressCollection recipients, String deliveryNotify, Boolean allowUnicode, SmtpFailedRecipientException& exception)
   ? System.Net.Mail.SmtpClient.Send(MailMessage message)
   ? Orchard.Email.Services.EmailMessagingChannel.SendMessage(MessageContext context)
