2014-01-14 12:06:28,214 [161] Orchard.Environment.Extensions.ExtensionLoaderCoordinator - No loader found for extension "imagepowertools_28a2f1dc98c7"!
2014-01-14 12:06:30,264 [161] Orchard.Environment.Extensions.ExtensionManager - No suitable loader found for extension "MyTheme"
2014-01-14 12:14:08,917 [6] Orchard.Environment.Extensions.ExtensionLoaderCoordinator - No loader found for extension "imagepowertools_28a2f1dc98c7"!
2014-01-14 12:14:10,538 [6] Orchard.Environment.Extensions.ExtensionManager - No suitable loader found for extension "MyTheme"
2014-01-14 12:15:53,813 [20] Orchard.Core.Settings.Drivers.SiteSettingsPartDriver - Could not query base url: http://localhost:30321/
System.Net.WebException: ????????? ?????? ????????? ??????: (403) ?????????.
   ? System.Net.HttpWebRequest.GetResponse()
   ? Orchard.Core.Settings.Drivers.SiteSettingsPartDriver.Editor(SiteSettingsPart part, IUpdateModel updater, Object shapeHelper) ? c:\D\tmp\My\Orchard.Source.1.7.2\src\Orchard.Web\Core\Settings\Drivers\SiteSettingsPartDriver.cs:?????? 91
2014-01-14 12:18:10,332 [5] Orchard.Environment.Extensions.ExtensionLoaderCoordinator - No loader found for extension "imagepowertools_28a2f1dc98c7"!
2014-01-14 12:18:10,777 [5] Orchard.Environment.Extensions.ExtensionManager - No suitable loader found for extension "MyTheme"
2014-01-14 12:23:03,742 [5] Orchard.Environment.Extensions.ExtensionLoaderCoordinator - No loader found for extension "imagepowertools_28a2f1dc98c7"!
2014-01-14 12:23:04,757 [5] Orchard.Environment.Extensions.ExtensionManager - No suitable loader found for extension "MyTheme"
2014-01-14 12:23:41,383 [9] Orchard.Environment.Extensions.ExtensionLoaderCoordinator - No loader found for extension "imagepowertools_28a2f1dc98c7"!
2014-01-14 12:23:41,869 [9] Orchard.Environment.Extensions.ExtensionManager - No suitable loader found for extension "MyTheme"
2014-01-14 12:28:04,115 [32] Orchard.Environment.Extensions.ExtensionLoaderCoordinator - No loader found for extension "imagepowertools_28a2f1dc98c7"!
2014-01-14 12:28:05,279 [32] Orchard.Environment.Extensions.ExtensionManager - No suitable loader found for extension "MyTheme"
2014-01-14 12:35:11,306 [38] Orchard.Environment.Extensions.ExtensionLoaderCoordinator - No loader found for extension "imagepowertools_28a2f1dc98c7"!
2014-01-14 12:35:13,184 [38] Orchard.Environment.Extensions.ExtensionManager - No suitable loader found for extension "MyTheme"
2014-01-14 12:37:34,775 [44] Orchard.Environment.Extensions.ExtensionLoaderCoordinator - No loader found for extension "imagepowertools_28a2f1dc98c7"!
2014-01-14 12:37:35,243 [44] Orchard.Environment.Extensions.ExtensionManager - No suitable loader found for extension "MyTheme"
2014-01-14 12:39:34,078 [27] Orchard.Environment.Extensions.ExtensionLoaderCoordinator - No loader found for extension "imagepowertools_28a2f1dc98c7"!
2014-01-14 12:39:34,609 [27] Orchard.Environment.Extensions.ExtensionManager - No suitable loader found for extension "MyTheme"
2014-01-14 12:40:13,849 [31] Orchard.Environment.Extensions.ExtensionLoaderCoordinator - No loader found for extension "imagepowertools_28a2f1dc98c7"!
2014-01-14 12:40:14,361 [31] Orchard.Environment.Extensions.ExtensionManager - No suitable loader found for extension "MyTheme"
2014-01-14 12:43:43,788 [32] Orchard.Environment.Extensions.ExtensionManager - No suitable loader found for extension "imagepowertools_28a2f1dc98c7"
2014-01-14 12:43:44,622 [32] Orchard.Environment.Extensions.ExtensionLoaderCoordinator - No loader found for extension "imagepowertools_28a2f1dc98c7"!
2014-01-14 12:43:55,337 [28] Orchard.Environment.Extensions.ExtensionLoaderCoordinator - No loader found for extension "imagepowertools_28a2f1dc98c7"!
2014-01-14 12:44:01,588 [18] Orchard.Environment.Extensions.ExtensionLoaderCoordinator - No loader found for extension "imagepowertools_28a2f1dc98c7"!
