2013-12-30 17:22:16,084 [54] Orchard.ContentManagement.Drivers.Coordinators.ContentPartDriverCoordinator - RuntimeBinderException thrown from IContentPartDriver by Orchard.Core.Common.Drivers.BodyPartDriver
Microsoft.CSharp.RuntimeBinder.RuntimeBinderException: ???????? ?????????? ????????????? ????? ??? "System.Text.StringBuilder.Replace(string, string)" ????? ????????? ???????????? ??????????
   ? CallSite.Target(Closure , CallSite , StringBuilder , String , Object )
   ? System.Dynamic.UpdateDelegates.UpdateAndExecuteVoid3[T0,T1,T2](CallSite site, T0 arg0, T1 arg1, T2 arg2)
   ? InsertModuleInContent.Models.WidgetParser.Replace(String text, IContentManager contentManager)
   ? InsertModuleInContent.Filters.HtmlFilter.ProcessContent(String text, String flavor)
   ? Orchard.Core.Common.Drivers.BodyPartDriver.<>c__DisplayClass7.<Display>b__4(String text, IHtmlFilter filter) ? c:\D\tmp\My\Orchard.Source.1.7.2\src\Orchard.Web\Core\Common\Drivers\BodyPartDriver.cs:?????? 40
   ? System.Linq.Enumerable.Aggregate[TSource,TAccumulate](IEnumerable`1 source, TAccumulate seed, Func`3 func)
   ? Orchard.Core.Common.Drivers.BodyPartDriver.<>c__DisplayClass7.<Display>b__3() ? c:\D\tmp\My\Orchard.Source.1.7.2\src\Orchard.Web\Core\Common\Drivers\BodyPartDriver.cs:?????? 40
   ? Orchard.ContentManagement.Drivers.ContentPartDriver`1.<>c__DisplayClassf.<ContentShape>b__e(BuildShapeContext ctx) ? c:\D\tmp\My\Orchard.Source.1.7.2\src\Orchard\ContentManagement\Drivers\ContentPartDriver.cs:?????? 130
   ? Orchard.ContentManagement.Drivers.ContentPartDriver`1.<>c__DisplayClass15.<ContentShapeImplementation>b__14(BuildShapeContext ctx) ? c:\D\tmp\My\Orchard.Source.1.7.2\src\Orchard\ContentManagement\Drivers\ContentPartDriver.cs:?????? 139
   ? Orchard.ContentManagement.Drivers.ContentShapeResult.ApplyImplementation(BuildShapeContext context, String displayType) ? c:\D\tmp\My\Orchard.Source.1.7.2\src\Orchard\ContentManagement\Drivers\ContentShapeResult.cs:?????? 36
   ? Orchard.ContentManagement.Drivers.ContentShapeResult.Apply(BuildDisplayContext context) ? c:\D\tmp\My\Orchard.Source.1.7.2\src\Orchard\ContentManagement\Drivers\ContentShapeResult.cs:?????? 21
   ? Orchard.ContentManagement.Drivers.CombinedResult.Apply(BuildDisplayContext context) ? c:\D\tmp\My\Orchard.Source.1.7.2\src\Orchard\ContentManagement\Drivers\CombinedResult.cs:?????? 28
   ? Orchard.ContentManagement.Drivers.Coordinators.ContentPartDriverCoordinator.<>c__DisplayClassa.<BuildDisplay>b__9(IContentPartDriver driver) ? c:\D\tmp\My\Orchard.Source.1.7.2\src\Orchard\ContentManagement\Drivers\Coordinators\ContentPartDriverCoordinator.cs:?????? 49
   ? Orchard.InvokeExtensions.Invoke[TEvents](IEnumerable`1 events, Action`1 dispatch, ILogger logger) ? c:\D\tmp\My\Orchard.Source.1.7.2\src\Orchard\InvokeExtensions.cs:?????? 17
2013-12-30 17:24:41,127 [6] Orchard.ContentManagement.Drivers.Coordinators.ContentPartDriverCoordinator - RuntimeBinderException thrown from IContentPartDriver by Orchard.Core.Common.Drivers.BodyPartDriver
Microsoft.CSharp.RuntimeBinder.RuntimeBinderException: ???????? ?????????? ????????????? ????? ??? "System.Text.StringBuilder.Replace(string, string)" ????? ????????? ???????????? ??????????
   ? CallSite.Target(Closure , CallSite , StringBuilder , String , Object )
   ? System.Dynamic.UpdateDelegates.UpdateAndExecuteVoid3[T0,T1,T2](CallSite site, T0 arg0, T1 arg1, T2 arg2)
   ? InsertModuleInContent.Models.WidgetParser.Replace(String text, IContentManager contentManager)
   ? InsertModuleInContent.Filters.HtmlFilter.ProcessContent(String text, String flavor)
   ? Orchard.Core.Common.Drivers.BodyPartDriver.<>c__DisplayClass7.<Display>b__4(String text, IHtmlFilter filter) ? c:\D\tmp\My\Orchard.Source.1.7.2\src\Orchard.Web\Core\Common\Drivers\BodyPartDriver.cs:?????? 40
   ? System.Linq.Enumerable.Aggregate[TSource,TAccumulate](IEnumerable`1 source, TAccumulate seed, Func`3 func)
   ? Orchard.Core.Common.Drivers.BodyPartDriver.<>c__DisplayClass7.<Display>b__3() ? c:\D\tmp\My\Orchard.Source.1.7.2\src\Orchard.Web\Core\Common\Drivers\BodyPartDriver.cs:?????? 40
   ? Orchard.ContentManagement.Drivers.ContentPartDriver`1.<>c__DisplayClassf.<ContentShape>b__e(BuildShapeContext ctx) ? c:\D\tmp\My\Orchard.Source.1.7.2\src\Orchard\ContentManagement\Drivers\ContentPartDriver.cs:?????? 130
   ? Orchard.ContentManagement.Drivers.ContentPartDriver`1.<>c__DisplayClass15.<ContentShapeImplementation>b__14(BuildShapeContext ctx) ? c:\D\tmp\My\Orchard.Source.1.7.2\src\Orchard\ContentManagement\Drivers\ContentPartDriver.cs:?????? 139
   ? Orchard.ContentManagement.Drivers.ContentShapeResult.ApplyImplementation(BuildShapeContext context, String displayType) ? c:\D\tmp\My\Orchard.Source.1.7.2\src\Orchard\ContentManagement\Drivers\ContentShapeResult.cs:?????? 36
   ? Orchard.ContentManagement.Drivers.ContentShapeResult.Apply(BuildDisplayContext context) ? c:\D\tmp\My\Orchard.Source.1.7.2\src\Orchard\ContentManagement\Drivers\ContentShapeResult.cs:?????? 21
   ? Orchard.ContentManagement.Drivers.CombinedResult.Apply(BuildDisplayContext context) ? c:\D\tmp\My\Orchard.Source.1.7.2\src\Orchard\ContentManagement\Drivers\CombinedResult.cs:?????? 28
   ? Orchard.ContentManagement.Drivers.Coordinators.ContentPartDriverCoordinator.<>c__DisplayClassa.<BuildDisplay>b__9(IContentPartDriver driver) ? c:\D\tmp\My\Orchard.Source.1.7.2\src\Orchard\ContentManagement\Drivers\Coordinators\ContentPartDriverCoordinator.cs:?????? 49
   ? Orchard.InvokeExtensions.Invoke[TEvents](IEnumerable`1 events, Action`1 dispatch, ILogger logger) ? c:\D\tmp\My\Orchard.Source.1.7.2\src\Orchard\InvokeExtensions.cs:?????? 17
2013-12-30 17:25:47,460 [8] Orchard.ContentManagement.Drivers.Coordinators.ContentPartDriverCoordinator - RuntimeBinderException thrown from IContentPartDriver by Orchard.Core.Common.Drivers.BodyPartDriver
Microsoft.CSharp.RuntimeBinder.RuntimeBinderException: ???????? ?????????? ????????????? ????? ??? "System.Text.StringBuilder.Replace(string, string)" ????? ????????? ???????????? ??????????
   ? CallSite.Target(Closure , CallSite , StringBuilder , String , Object )
   ? System.Dynamic.UpdateDelegates.UpdateAndExecuteVoid3[T0,T1,T2](CallSite site, T0 arg0, T1 arg1, T2 arg2)
   ? InsertModuleInContent.Models.WidgetParser.Replace(String text, IContentManager contentManager)
   ? InsertModuleInContent.Filters.HtmlFilter.ProcessContent(String text, String flavor)
   ? Orchard.Core.Common.Drivers.BodyPartDriver.<>c__DisplayClass7.<Display>b__4(String text, IHtmlFilter filter) ? c:\D\tmp\My\Orchard.Source.1.7.2\src\Orchard.Web\Core\Common\Drivers\BodyPartDriver.cs:?????? 40
   ? System.Linq.Enumerable.Aggregate[TSource,TAccumulate](IEnumerable`1 source, TAccumulate seed, Func`3 func)
   ? Orchard.Core.Common.Drivers.BodyPartDriver.<>c__DisplayClass7.<Display>b__3() ? c:\D\tmp\My\Orchard.Source.1.7.2\src\Orchard.Web\Core\Common\Drivers\BodyPartDriver.cs:?????? 40
   ? Orchard.ContentManagement.Drivers.ContentPartDriver`1.<>c__DisplayClassf.<ContentShape>b__e(BuildShapeContext ctx) ? c:\D\tmp\My\Orchard.Source.1.7.2\src\Orchard\ContentManagement\Drivers\ContentPartDriver.cs:?????? 130
   ? Orchard.ContentManagement.Drivers.ContentPartDriver`1.<>c__DisplayClass15.<ContentShapeImplementation>b__14(BuildShapeContext ctx) ? c:\D\tmp\My\Orchard.Source.1.7.2\src\Orchard\ContentManagement\Drivers\ContentPartDriver.cs:?????? 139
   ? Orchard.ContentManagement.Drivers.ContentShapeResult.ApplyImplementation(BuildShapeContext context, String displayType) ? c:\D\tmp\My\Orchard.Source.1.7.2\src\Orchard\ContentManagement\Drivers\ContentShapeResult.cs:?????? 36
   ? Orchard.ContentManagement.Drivers.ContentShapeResult.Apply(BuildDisplayContext context) ? c:\D\tmp\My\Orchard.Source.1.7.2\src\Orchard\ContentManagement\Drivers\ContentShapeResult.cs:?????? 21
   ? Orchard.ContentManagement.Drivers.CombinedResult.Apply(BuildDisplayContext context) ? c:\D\tmp\My\Orchard.Source.1.7.2\src\Orchard\ContentManagement\Drivers\CombinedResult.cs:?????? 28
   ? Orchard.ContentManagement.Drivers.Coordinators.ContentPartDriverCoordinator.<>c__DisplayClassa.<BuildDisplay>b__9(IContentPartDriver driver) ? c:\D\tmp\My\Orchard.Source.1.7.2\src\Orchard\ContentManagement\Drivers\Coordinators\ContentPartDriverCoordinator.cs:?????? 49
   ? Orchard.InvokeExtensions.Invoke[TEvents](IEnumerable`1 events, Action`1 dispatch, ILogger logger) ? c:\D\tmp\My\Orchard.Source.1.7.2\src\Orchard\InvokeExtensions.cs:?????? 17
2013-12-30 17:32:41,760 [16] Orchard.DisplayManagement.Implementation.DefaultDisplayManager - RuntimeBinderException thrown from Action`1 by System.Action`1[[Orchard.DisplayManagement.Implementation.ShapeDisplayingContext, Orchard.Framework, Version=1.7.2.0, Culture=neutral, PublicKeyToken=null]]
Microsoft.CSharp.RuntimeBinder.RuntimeBinderException: ???????? ?????????? ????????????? ????? ??? "Orchard.Core.Shapes.CoreShapes.EncodeAlternateElement(string)" ????? ????????? ???????????? ??????????
   ? CallSite.Target(Closure , CallSite , CoreShapes , Object )
   ? System.Dynamic.UpdateDelegates.UpdateAndExecute2[T0,T1,TRet](CallSite site, T0 arg0, T1 arg1)
   ? CallSite.Target(Closure , CallSite , CoreShapes , Object )
   ? Orchard.Core.Shapes.CoreShapes.<Discover>b__95(ShapeDisplayingContext displaying) ? c:\D\tmp\My\Orchard.Source.1.7.2\src\Orchard.Web\Core\Shapes\CoreShapes.cs:?????? 98
   ? Orchard.DisplayManagement.Implementation.DefaultDisplayManager.<>c__DisplayClassc.<Execute>b__3(Action`1 action) ? c:\D\tmp\My\Orchard.Source.1.7.2\src\Orchard\DisplayManagement\Implementation\DefaultDisplayManager.cs:?????? 68
   ? Orchard.InvokeExtensions.Invoke[TEvents](IEnumerable`1 events, Action`1 dispatch, ILogger logger) ? c:\D\tmp\My\Orchard.Source.1.7.2\src\Orchard\InvokeExtensions.cs:?????? 17
2013-12-30 18:18:13,722 [8] Orchard.DisplayManagement.Implementation.DefaultDisplayManager - NullReferenceException thrown from Action`1 by System.Action`1[[Orchard.DisplayManagement.Implementation.ShapeDisplayingContext, Orchard.Framework, Version=1.7.2.0, Culture=neutral, PublicKeyToken=null]]
System.NullReferenceException: ?????? ?? ?????? ?? ????????? ?? ????????? ???????.
   ? Orchard.MediaLibrary.Services.Shapes.<Discover>b__3(ShapeDisplayingContext displaying)
   ? Orchard.DisplayManagement.Implementation.DefaultDisplayManager.<>c__DisplayClassc.<Execute>b__3(Action`1 action) ? c:\D\tmp\My\Orchard.Source.1.7.2\src\Orchard\DisplayManagement\Implementation\DefaultDisplayManager.cs:?????? 68
   ? Orchard.InvokeExtensions.Invoke[TEvents](IEnumerable`1 events, Action`1 dispatch, ILogger logger) ? c:\D\tmp\My\Orchard.Source.1.7.2\src\Orchard\InvokeExtensions.cs:?????? 17
2013-12-30 18:18:15,783 [13] Orchard.DisplayManagement.Implementation.DefaultDisplayManager - NullReferenceException thrown from Action`1 by System.Action`1[[Orchard.DisplayManagement.Implementation.ShapeDisplayingContext, Orchard.Framework, Version=1.7.2.0, Culture=neutral, PublicKeyToken=null]]
System.NullReferenceException: ?????? ?? ?????? ?? ????????? ?? ????????? ???????.
   ? Orchard.MediaLibrary.Services.Shapes.<Discover>b__3(ShapeDisplayingContext displaying)
   ? Orchard.DisplayManagement.Implementation.DefaultDisplayManager.<>c__DisplayClassc.<Execute>b__3(Action`1 action) ? c:\D\tmp\My\Orchard.Source.1.7.2\src\Orchard\DisplayManagement\Implementation\DefaultDisplayManager.cs:?????? 68
   ? Orchard.InvokeExtensions.Invoke[TEvents](IEnumerable`1 events, Action`1 dispatch, ILogger logger) ? c:\D\tmp\My\Orchard.Source.1.7.2\src\Orchard\InvokeExtensions.cs:?????? 17
2013-12-30 18:18:19,320 [10] Orchard.DisplayManagement.Implementation.DefaultDisplayManager - NullReferenceException thrown from Action`1 by System.Action`1[[Orchard.DisplayManagement.Implementation.ShapeDisplayingContext, Orchard.Framework, Version=1.7.2.0, Culture=neutral, PublicKeyToken=null]]
System.NullReferenceException: ?????? ?? ?????? ?? ????????? ?? ????????? ???????.
   ? Orchard.MediaLibrary.Services.Shapes.<Discover>b__3(ShapeDisplayingContext displaying)
   ? Orchard.DisplayManagement.Implementation.DefaultDisplayManager.<>c__DisplayClassc.<Execute>b__3(Action`1 action) ? c:\D\tmp\My\Orchard.Source.1.7.2\src\Orchard\DisplayManagement\Implementation\DefaultDisplayManager.cs:?????? 68
   ? Orchard.InvokeExtensions.Invoke[TEvents](IEnumerable`1 events, Action`1 dispatch, ILogger logger) ? c:\D\tmp\My\Orchard.Source.1.7.2\src\Orchard\InvokeExtensions.cs:?????? 17
2013-12-30 18:38:54,806 [7] Orchard.ContentManagement.Drivers.Coordinators.ContentPartDriverCoordinator - RuntimeBinderException thrown from IContentPartDriver by Orchard.Core.Common.Drivers.BodyPartDriver
Microsoft.CSharp.RuntimeBinder.RuntimeBinderException: ?????????? ????????????? ??? "Orchard.DisplayManagement.Shapes.Shape" ? "Orchard.ContentManagement.ContentItem"
   ? CallSite.Target(Closure , CallSite , Object )
   ? System.Dynamic.UpdateDelegates.UpdateAndExecute1[T0,TRet](CallSite site, T0 arg0)
   ? InsertModuleInContent.Models.WidgetParser.Replace(String text, IContentManager contentManager) ? c:\D\tmp\My\Orchard.Source.1.7.2\src\Orchard.Web\Modules\InsertModuleInContent\Models\WidgetParser.cs:?????? 39
   ? InsertModuleInContent.Filters.HtmlFilter.ProcessContent(String text, String flavor) ? c:\D\tmp\My\Orchard.Source.1.7.2\src\Orchard.Web\Modules\InsertModuleInContent\Filters\HtmlFilter.cs:?????? 15
   ? Orchard.Core.Common.Drivers.BodyPartDriver.<>c__DisplayClass7.<Display>b__4(String text, IHtmlFilter filter) ? c:\D\tmp\My\Orchard.Source.1.7.2\src\Orchard.Web\Core\Common\Drivers\BodyPartDriver.cs:?????? 40
   ? System.Linq.Enumerable.Aggregate[TSource,TAccumulate](IEnumerable`1 source, TAccumulate seed, Func`3 func)
   ? Orchard.Core.Common.Drivers.BodyPartDriver.<>c__DisplayClass7.<Display>b__3() ? c:\D\tmp\My\Orchard.Source.1.7.2\src\Orchard.Web\Core\Common\Drivers\BodyPartDriver.cs:?????? 40
   ? Orchard.ContentManagement.Drivers.ContentPartDriver`1.<>c__DisplayClassf.<ContentShape>b__e(BuildShapeContext ctx) ? c:\D\tmp\My\Orchard.Source.1.7.2\src\Orchard\ContentManagement\Drivers\ContentPartDriver.cs:?????? 130
   ? Orchard.ContentManagement.Drivers.ContentPartDriver`1.<>c__DisplayClass15.<ContentShapeImplementation>b__14(BuildShapeContext ctx) ? c:\D\tmp\My\Orchard.Source.1.7.2\src\Orchard\ContentManagement\Drivers\ContentPartDriver.cs:?????? 139
   ? Orchard.ContentManagement.Drivers.ContentShapeResult.ApplyImplementation(BuildShapeContext context, String displayType) ? c:\D\tmp\My\Orchard.Source.1.7.2\src\Orchard\ContentManagement\Drivers\ContentShapeResult.cs:?????? 36
   ? Orchard.ContentManagement.Drivers.ContentShapeResult.Apply(BuildDisplayContext context) ? c:\D\tmp\My\Orchard.Source.1.7.2\src\Orchard\ContentManagement\Drivers\ContentShapeResult.cs:?????? 21
   ? Orchard.ContentManagement.Drivers.CombinedResult.Apply(BuildDisplayContext context) ? c:\D\tmp\My\Orchard.Source.1.7.2\src\Orchard\ContentManagement\Drivers\CombinedResult.cs:?????? 28
   ? Orchard.ContentManagement.Drivers.Coordinators.ContentPartDriverCoordinator.<>c__DisplayClassa.<BuildDisplay>b__9(IContentPartDriver driver) ? c:\D\tmp\My\Orchard.Source.1.7.2\src\Orchard\ContentManagement\Drivers\Coordinators\ContentPartDriverCoordinator.cs:?????? 49
   ? Orchard.InvokeExtensions.Invoke[TEvents](IEnumerable`1 events, Action`1 dispatch, ILogger logger) ? c:\D\tmp\My\Orchard.Source.1.7.2\src\Orchard\InvokeExtensions.cs:?????? 17
2013-12-30 18:39:30,742 [8] Orchard.ContentManagement.Drivers.Coordinators.ContentPartDriverCoordinator - RuntimeBinderException thrown from IContentPartDriver by Orchard.Core.Common.Drivers.BodyPartDriver
Microsoft.CSharp.RuntimeBinder.RuntimeBinderException: ?????????? ????????????? ??? "Orchard.DisplayManagement.Shapes.Shape" ? "Orchard.ContentManagement.ContentItem"
   ? CallSite.Target(Closure , CallSite , Object )
   ? InsertModuleInContent.Models.WidgetParser.Replace(String text, IContentManager contentManager) ? c:\D\tmp\My\Orchard.Source.1.7.2\src\Orchard.Web\Modules\InsertModuleInContent\Models\WidgetParser.cs:?????? 39
   ? InsertModuleInContent.Filters.HtmlFilter.ProcessContent(String text, String flavor) ? c:\D\tmp\My\Orchard.Source.1.7.2\src\Orchard.Web\Modules\InsertModuleInContent\Filters\HtmlFilter.cs:?????? 15
   ? Orchard.Core.Common.Drivers.BodyPartDriver.<>c__DisplayClass7.<Display>b__4(String text, IHtmlFilter filter) ? c:\D\tmp\My\Orchard.Source.1.7.2\src\Orchard.Web\Core\Common\Drivers\BodyPartDriver.cs:?????? 40
   ? System.Linq.Enumerable.Aggregate[TSource,TAccumulate](IEnumerable`1 source, TAccumulate seed, Func`3 func)
   ? Orchard.Core.Common.Drivers.BodyPartDriver.<>c__DisplayClass7.<Display>b__3() ? c:\D\tmp\My\Orchard.Source.1.7.2\src\Orchard.Web\Core\Common\Drivers\BodyPartDriver.cs:?????? 40
   ? Orchard.ContentManagement.Drivers.ContentPartDriver`1.<>c__DisplayClassf.<ContentShape>b__e(BuildShapeContext ctx) ? c:\D\tmp\My\Orchard.Source.1.7.2\src\Orchard\ContentManagement\Drivers\ContentPartDriver.cs:?????? 130
   ? Orchard.ContentManagement.Drivers.ContentPartDriver`1.<>c__DisplayClass15.<ContentShapeImplementation>b__14(BuildShapeContext ctx) ? c:\D\tmp\My\Orchard.Source.1.7.2\src\Orchard\ContentManagement\Drivers\ContentPartDriver.cs:?????? 139
   ? Orchard.ContentManagement.Drivers.ContentShapeResult.ApplyImplementation(BuildShapeContext context, String displayType) ? c:\D\tmp\My\Orchard.Source.1.7.2\src\Orchard\ContentManagement\Drivers\ContentShapeResult.cs:?????? 36
   ? Orchard.ContentManagement.Drivers.ContentShapeResult.Apply(BuildDisplayContext context) ? c:\D\tmp\My\Orchard.Source.1.7.2\src\Orchard\ContentManagement\Drivers\ContentShapeResult.cs:?????? 21
   ? Orchard.ContentManagement.Drivers.CombinedResult.Apply(BuildDisplayContext context) ? c:\D\tmp\My\Orchard.Source.1.7.2\src\Orchard\ContentManagement\Drivers\CombinedResult.cs:?????? 28
   ? Orchard.ContentManagement.Drivers.Coordinators.ContentPartDriverCoordinator.<>c__DisplayClassa.<BuildDisplay>b__9(IContentPartDriver driver) ? c:\D\tmp\My\Orchard.Source.1.7.2\src\Orchard\ContentManagement\Drivers\Coordinators\ContentPartDriverCoordinator.cs:?????? 49
   ? Orchard.InvokeExtensions.Invoke[TEvents](IEnumerable`1 events, Action`1 dispatch, ILogger logger) ? c:\D\tmp\My\Orchard.Source.1.7.2\src\Orchard\InvokeExtensions.cs:?????? 17
