2013-12-25 17:59:19,163 [5] Orchard.Environment.Extensions.ExtensionManager - No suitable loader found for extension "MyTheme"
2013-12-25 18:08:44,552 [34] Orchard.Environment.DefaultBuildManager - Error when compiling assembly under ~/Modules/InsertModuleInContent/InsertModuleInContent.csproj.
System.Web.HttpCompileException (0x80004005): d:\tmp\My\Orchard.Source.1.7.2\src\Orchard.Web\Modules\InsertModuleInContent\Filters\HtmlFilter.cs(19): error CS1041: Identifier expected; 'return' is a keyword
   ? System.Web.Compilation.AssemblyBuilder.Compile()
   ? System.Web.Compilation.BuildProvidersCompiler.PerformBuild()
   ? System.Web.Compilation.BuildManager.CompileWebFile(VirtualPath virtualPath)
   ? System.Web.Compilation.BuildManager.GetVPathBuildResultInternal(VirtualPath virtualPath, Boolean noBuild, Boolean allowCrossApp, Boolean allowBuildInPrecompile, Boolean throwIfNotFound, Boolean ensureIsUpToDate)
   ? System.Web.Compilation.BuildManager.GetVPathBuildResultWithNoAssert(HttpContext context, VirtualPath virtualPath, Boolean noBuild, Boolean allowCrossApp, Boolean allowBuildInPrecompile, Boolean throwIfNotFound, Boolean ensureIsUpToDate)
   ? System.Web.Compilation.BuildManager.GetVPathBuildResult(HttpContext context, VirtualPath virtualPath, Boolean noBuild, Boolean allowCrossApp, Boolean allowBuildInPrecompile, Boolean ensureIsUpToDate)
   ? System.Web.Compilation.BuildManager.GetCompiledAssembly(String virtualPath)
   ? Orchard.Environment.DefaultBuildManager.GetCompiledAssembly(String virtualPath) ? d:\tmp\My\Orchard.Source.1.7.2\src\Orchard\Environment\IBuildManager.cs:?????? 53
2013-12-25 18:08:44,562 [47] Orchard.Environment.Extensions.ExtensionManager - No suitable loader found for extension "MyTheme"
2013-12-25 18:08:44,571 [34] Orchard.Environment.Extensions.ExtensionManager - No suitable loader found for extension "InsertModuleInContent"
2013-12-25 18:08:47,730 [42] Orchard.Environment.DefaultBuildManager - Error when compiling assembly under ~/Modules/InsertModuleInContent/InsertModuleInContent.csproj.
System.Web.HttpCompileException (0x80004005): d:\tmp\My\Orchard.Source.1.7.2\src\Orchard.Web\Modules\InsertModuleInContent\Filters\HtmlFilter.cs(19): error CS1041: Identifier expected; 'return' is a keyword
   ? System.Web.Compilation.BuildManager.PostProcessFoundBuildResult(BuildResult result, Boolean keyFromVPP, VirtualPath virtualPath)
   ? System.Web.Compilation.BuildManager.GetBuildResultFromCacheInternal(String cacheKey, Boolean keyFromVPP, VirtualPath virtualPath, Int64 hashCode, Boolean ensureIsUpToDate)
   ? System.Web.Compilation.BuildManager.GetVPathBuildResultFromCacheInternal(VirtualPath virtualPath, Boolean ensureIsUpToDate)
   ? System.Web.Compilation.BuildManager.GetVPathBuildResultInternal(VirtualPath virtualPath, Boolean noBuild, Boolean allowCrossApp, Boolean allowBuildInPrecompile, Boolean throwIfNotFound, Boolean ensureIsUpToDate)
   ? System.Web.Compilation.BuildManager.GetVPathBuildResultWithNoAssert(HttpContext context, VirtualPath virtualPath, Boolean noBuild, Boolean allowCrossApp, Boolean allowBuildInPrecompile, Boolean throwIfNotFound, Boolean ensureIsUpToDate)
   ? System.Web.Compilation.BuildManager.GetVPathBuildResult(HttpContext context, VirtualPath virtualPath, Boolean noBuild, Boolean allowCrossApp, Boolean allowBuildInPrecompile, Boolean ensureIsUpToDate)
   ? System.Web.Compilation.BuildManager.GetCompiledAssembly(String virtualPath)
   ? Orchard.Environment.DefaultBuildManager.GetCompiledAssembly(String virtualPath) ? d:\tmp\My\Orchard.Source.1.7.2\src\Orchard\Environment\IBuildManager.cs:?????? 53
2013-12-25 18:08:47,796 [42] Orchard.Environment.DefaultBuildManager - Error when compiling assembly under ~/Modules/InsertModuleInContent/InsertModuleInContent.csproj.
System.Web.HttpCompileException (0x80004005): d:\tmp\My\Orchard.Source.1.7.2\src\Orchard.Web\Modules\InsertModuleInContent\Filters\HtmlFilter.cs(19): error CS1041: Identifier expected; 'return' is a keyword
   ? System.Web.Compilation.BuildManager.PostProcessFoundBuildResult(BuildResult result, Boolean keyFromVPP, VirtualPath virtualPath)
   ? System.Web.Compilation.BuildManager.GetBuildResultFromCacheInternal(String cacheKey, Boolean keyFromVPP, VirtualPath virtualPath, Int64 hashCode, Boolean ensureIsUpToDate)
   ? System.Web.Compilation.BuildManager.GetVPathBuildResultFromCacheInternal(VirtualPath virtualPath, Boolean ensureIsUpToDate)
   ? System.Web.Compilation.BuildManager.GetVPathBuildResultInternal(VirtualPath virtualPath, Boolean noBuild, Boolean allowCrossApp, Boolean allowBuildInPrecompile, Boolean throwIfNotFound, Boolean ensureIsUpToDate)
   ? System.Web.Compilation.BuildManager.GetVPathBuildResultWithNoAssert(HttpContext context, VirtualPath virtualPath, Boolean noBuild, Boolean allowCrossApp, Boolean allowBuildInPrecompile, Boolean throwIfNotFound, Boolean ensureIsUpToDate)
   ? System.Web.Compilation.BuildManager.GetVPathBuildResult(HttpContext context, VirtualPath virtualPath, Boolean noBuild, Boolean allowCrossApp, Boolean allowBuildInPrecompile, Boolean ensureIsUpToDate)
   ? System.Web.Compilation.BuildManager.GetCompiledAssembly(String virtualPath)
   ? Orchard.Environment.DefaultBuildManager.GetCompiledAssembly(String virtualPath) ? d:\tmp\My\Orchard.Source.1.7.2\src\Orchard\Environment\IBuildManager.cs:?????? 53
2013-12-25 18:08:47,802 [42] Orchard.Environment.DefaultBuildManager - Error when compiling assembly under ~/Modules/InsertModuleInContent/InsertModuleInContent.csproj.
System.Web.HttpCompileException (0x80004005): d:\tmp\My\Orchard.Source.1.7.2\src\Orchard.Web\Modules\InsertModuleInContent\Filters\HtmlFilter.cs(19): error CS1041: Identifier expected; 'return' is a keyword
   ? System.Web.Compilation.BuildManager.PostProcessFoundBuildResult(BuildResult result, Boolean keyFromVPP, VirtualPath virtualPath)
   ? System.Web.Compilation.BuildManager.GetBuildResultFromCacheInternal(String cacheKey, Boolean keyFromVPP, VirtualPath virtualPath, Int64 hashCode, Boolean ensureIsUpToDate)
   ? System.Web.Compilation.BuildManager.GetVPathBuildResultFromCacheInternal(VirtualPath virtualPath, Boolean ensureIsUpToDate)
   ? System.Web.Compilation.BuildManager.GetVPathBuildResultInternal(VirtualPath virtualPath, Boolean noBuild, Boolean allowCrossApp, Boolean allowBuildInPrecompile, Boolean throwIfNotFound, Boolean ensureIsUpToDate)
   ? System.Web.Compilation.BuildManager.GetVPathBuildResultWithNoAssert(HttpContext context, VirtualPath virtualPath, Boolean noBuild, Boolean allowCrossApp, Boolean allowBuildInPrecompile, Boolean throwIfNotFound, Boolean ensureIsUpToDate)
   ? System.Web.Compilation.BuildManager.GetVPathBuildResult(HttpContext context, VirtualPath virtualPath, Boolean noBuild, Boolean allowCrossApp, Boolean allowBuildInPrecompile, Boolean ensureIsUpToDate)
   ? System.Web.Compilation.BuildManager.GetCompiledAssembly(String virtualPath)
   ? Orchard.Environment.DefaultBuildManager.GetCompiledAssembly(String virtualPath) ? d:\tmp\My\Orchard.Source.1.7.2\src\Orchard\Environment\IBuildManager.cs:?????? 53
2013-12-25 18:08:47,808 [42] Orchard.Environment.DefaultBuildManager - Error when compiling assembly under ~/Modules/InsertModuleInContent/InsertModuleInContent.csproj.
System.Web.HttpCompileException (0x80004005): d:\tmp\My\Orchard.Source.1.7.2\src\Orchard.Web\Modules\InsertModuleInContent\Filters\HtmlFilter.cs(19): error CS1041: Identifier expected; 'return' is a keyword
   ? System.Web.Compilation.BuildManager.PostProcessFoundBuildResult(BuildResult result, Boolean keyFromVPP, VirtualPath virtualPath)
   ? System.Web.Compilation.BuildManager.GetBuildResultFromCacheInternal(String cacheKey, Boolean keyFromVPP, VirtualPath virtualPath, Int64 hashCode, Boolean ensureIsUpToDate)
   ? System.Web.Compilation.BuildManager.GetVPathBuildResultFromCacheInternal(VirtualPath virtualPath, Boolean ensureIsUpToDate)
   ? System.Web.Compilation.BuildManager.GetVPathBuildResultInternal(VirtualPath virtualPath, Boolean noBuild, Boolean allowCrossApp, Boolean allowBuildInPrecompile, Boolean throwIfNotFound, Boolean ensureIsUpToDate)
   ? System.Web.Compilation.BuildManager.GetVPathBuildResultWithNoAssert(HttpContext context, VirtualPath virtualPath, Boolean noBuild, Boolean allowCrossApp, Boolean allowBuildInPrecompile, Boolean throwIfNotFound, Boolean ensureIsUpToDate)
   ? System.Web.Compilation.BuildManager.GetVPathBuildResult(HttpContext context, VirtualPath virtualPath, Boolean noBuild, Boolean allowCrossApp, Boolean allowBuildInPrecompile, Boolean ensureIsUpToDate)
   ? System.Web.Compilation.BuildManager.GetCompiledAssembly(String virtualPath)
   ? Orchard.Environment.DefaultBuildManager.GetCompiledAssembly(String virtualPath) ? d:\tmp\My\Orchard.Source.1.7.2\src\Orchard\Environment\IBuildManager.cs:?????? 53
2013-12-25 18:08:47,815 [42] Orchard.Environment.DefaultBuildManager - Error when compiling assembly under ~/Modules/InsertModuleInContent/InsertModuleInContent.csproj.
System.Web.HttpCompileException (0x80004005): d:\tmp\My\Orchard.Source.1.7.2\src\Orchard.Web\Modules\InsertModuleInContent\Filters\HtmlFilter.cs(19): error CS1041: Identifier expected; 'return' is a keyword
   ? System.Web.Compilation.BuildManager.PostProcessFoundBuildResult(BuildResult result, Boolean keyFromVPP, VirtualPath virtualPath)
   ? System.Web.Compilation.BuildManager.GetBuildResultFromCacheInternal(String cacheKey, Boolean keyFromVPP, VirtualPath virtualPath, Int64 hashCode, Boolean ensureIsUpToDate)
   ? System.Web.Compilation.BuildManager.GetVPathBuildResultFromCacheInternal(VirtualPath virtualPath, Boolean ensureIsUpToDate)
   ? System.Web.Compilation.BuildManager.GetVPathBuildResultInternal(VirtualPath virtualPath, Boolean noBuild, Boolean allowCrossApp, Boolean allowBuildInPrecompile, Boolean throwIfNotFound, Boolean ensureIsUpToDate)
   ? System.Web.Compilation.BuildManager.GetVPathBuildResultWithNoAssert(HttpContext context, VirtualPath virtualPath, Boolean noBuild, Boolean allowCrossApp, Boolean allowBuildInPrecompile, Boolean throwIfNotFound, Boolean ensureIsUpToDate)
   ? System.Web.Compilation.BuildManager.GetVPathBuildResult(HttpContext context, VirtualPath virtualPath, Boolean noBuild, Boolean allowCrossApp, Boolean allowBuildInPrecompile, Boolean ensureIsUpToDate)
   ? System.Web.Compilation.BuildManager.GetCompiledAssembly(String virtualPath)
   ? Orchard.Environment.DefaultBuildManager.GetCompiledAssembly(String virtualPath) ? d:\tmp\My\Orchard.Source.1.7.2\src\Orchard\Environment\IBuildManager.cs:?????? 53
2013-12-25 18:08:47,821 [42] Orchard.Environment.DefaultBuildManager - Error when compiling assembly under ~/Modules/InsertModuleInContent/InsertModuleInContent.csproj.
System.Web.HttpCompileException (0x80004005): d:\tmp\My\Orchard.Source.1.7.2\src\Orchard.Web\Modules\InsertModuleInContent\Filters\HtmlFilter.cs(19): error CS1041: Identifier expected; 'return' is a keyword
   ? System.Web.Compilation.BuildManager.PostProcessFoundBuildResult(BuildResult result, Boolean keyFromVPP, VirtualPath virtualPath)
   ? System.Web.Compilation.BuildManager.GetBuildResultFromCacheInternal(String cacheKey, Boolean keyFromVPP, VirtualPath virtualPath, Int64 hashCode, Boolean ensureIsUpToDate)
   ? System.Web.Compilation.BuildManager.GetVPathBuildResultFromCacheInternal(VirtualPath virtualPath, Boolean ensureIsUpToDate)
   ? System.Web.Compilation.BuildManager.GetVPathBuildResultInternal(VirtualPath virtualPath, Boolean noBuild, Boolean allowCrossApp, Boolean allowBuildInPrecompile, Boolean throwIfNotFound, Boolean ensureIsUpToDate)
   ? System.Web.Compilation.BuildManager.GetVPathBuildResultWithNoAssert(HttpContext context, VirtualPath virtualPath, Boolean noBuild, Boolean allowCrossApp, Boolean allowBuildInPrecompile, Boolean throwIfNotFound, Boolean ensureIsUpToDate)
   ? System.Web.Compilation.BuildManager.GetVPathBuildResult(HttpContext context, VirtualPath virtualPath, Boolean noBuild, Boolean allowCrossApp, Boolean allowBuildInPrecompile, Boolean ensureIsUpToDate)
   ? System.Web.Compilation.BuildManager.GetCompiledAssembly(String virtualPath)
   ? Orchard.Environment.DefaultBuildManager.GetCompiledAssembly(String virtualPath) ? d:\tmp\My\Orchard.Source.1.7.2\src\Orchard\Environment\IBuildManager.cs:?????? 53
2013-12-25 18:08:47,827 [42] Orchard.Environment.DefaultBuildManager - Error when compiling assembly under ~/Modules/InsertModuleInContent/InsertModuleInContent.csproj.
System.Web.HttpCompileException (0x80004005): d:\tmp\My\Orchard.Source.1.7.2\src\Orchard.Web\Modules\InsertModuleInContent\Filters\HtmlFilter.cs(19): error CS1041: Identifier expected; 'return' is a keyword
   ? System.Web.Compilation.BuildManager.PostProcessFoundBuildResult(BuildResult result, Boolean keyFromVPP, VirtualPath virtualPath)
   ? System.Web.Compilation.BuildManager.GetBuildResultFromCacheInternal(String cacheKey, Boolean keyFromVPP, VirtualPath virtualPath, Int64 hashCode, Boolean ensureIsUpToDate)
   ? System.Web.Compilation.BuildManager.GetVPathBuildResultFromCacheInternal(VirtualPath virtualPath, Boolean ensureIsUpToDate)
   ? System.Web.Compilation.BuildManager.GetVPathBuildResultInternal(VirtualPath virtualPath, Boolean noBuild, Boolean allowCrossApp, Boolean allowBuildInPrecompile, Boolean throwIfNotFound, Boolean ensureIsUpToDate)
   ? System.Web.Compilation.BuildManager.GetVPathBuildResultWithNoAssert(HttpContext context, VirtualPath virtualPath, Boolean noBuild, Boolean allowCrossApp, Boolean allowBuildInPrecompile, Boolean throwIfNotFound, Boolean ensureIsUpToDate)
   ? System.Web.Compilation.BuildManager.GetVPathBuildResult(HttpContext context, VirtualPath virtualPath, Boolean noBuild, Boolean allowCrossApp, Boolean allowBuildInPrecompile, Boolean ensureIsUpToDate)
   ? System.Web.Compilation.BuildManager.GetCompiledAssembly(String virtualPath)
   ? Orchard.Environment.DefaultBuildManager.GetCompiledAssembly(String virtualPath) ? d:\tmp\My\Orchard.Source.1.7.2\src\Orchard\Environment\IBuildManager.cs:?????? 53
2013-12-25 18:08:47,833 [42] Orchard.Environment.DefaultBuildManager - Error when compiling assembly under ~/Modules/InsertModuleInContent/InsertModuleInContent.csproj.
System.Web.HttpCompileException (0x80004005): d:\tmp\My\Orchard.Source.1.7.2\src\Orchard.Web\Modules\InsertModuleInContent\Filters\HtmlFilter.cs(19): error CS1041: Identifier expected; 'return' is a keyword
   ? System.Web.Compilation.BuildManager.PostProcessFoundBuildResult(BuildResult result, Boolean keyFromVPP, VirtualPath virtualPath)
   ? System.Web.Compilation.BuildManager.GetBuildResultFromCacheInternal(String cacheKey, Boolean keyFromVPP, VirtualPath virtualPath, Int64 hashCode, Boolean ensureIsUpToDate)
   ? System.Web.Compilation.BuildManager.GetVPathBuildResultFromCacheInternal(VirtualPath virtualPath, Boolean ensureIsUpToDate)
   ? System.Web.Compilation.BuildManager.GetVPathBuildResultInternal(VirtualPath virtualPath, Boolean noBuild, Boolean allowCrossApp, Boolean allowBuildInPrecompile, Boolean throwIfNotFound, Boolean ensureIsUpToDate)
   ? System.Web.Compilation.BuildManager.GetVPathBuildResultWithNoAssert(HttpContext context, VirtualPath virtualPath, Boolean noBuild, Boolean allowCrossApp, Boolean allowBuildInPrecompile, Boolean throwIfNotFound, Boolean ensureIsUpToDate)
   ? System.Web.Compilation.BuildManager.GetVPathBuildResult(HttpContext context, VirtualPath virtualPath, Boolean noBuild, Boolean allowCrossApp, Boolean allowBuildInPrecompile, Boolean ensureIsUpToDate)
   ? System.Web.Compilation.BuildManager.GetCompiledAssembly(String virtualPath)
   ? Orchard.Environment.DefaultBuildManager.GetCompiledAssembly(String virtualPath) ? d:\tmp\My\Orchard.Source.1.7.2\src\Orchard\Environment\IBuildManager.cs:?????? 53
2013-12-25 18:08:47,847 [42] Orchard.Environment.DefaultBuildManager - Error when compiling assembly under ~/Modules/InsertModuleInContent/InsertModuleInContent.csproj.
System.Web.HttpCompileException (0x80004005): d:\tmp\My\Orchard.Source.1.7.2\src\Orchard.Web\Modules\InsertModuleInContent\Filters\HtmlFilter.cs(19): error CS1041: Identifier expected; 'return' is a keyword
   ? System.Web.Compilation.BuildManager.PostProcessFoundBuildResult(BuildResult result, Boolean keyFromVPP, VirtualPath virtualPath)
   ? System.Web.Compilation.BuildManager.GetBuildResultFromCacheInternal(String cacheKey, Boolean keyFromVPP, VirtualPath virtualPath, Int64 hashCode, Boolean ensureIsUpToDate)
   ? System.Web.Compilation.BuildManager.GetVPathBuildResultFromCacheInternal(VirtualPath virtualPath, Boolean ensureIsUpToDate)
   ? System.Web.Compilation.BuildManager.GetVPathBuildResultInternal(VirtualPath virtualPath, Boolean noBuild, Boolean allowCrossApp, Boolean allowBuildInPrecompile, Boolean throwIfNotFound, Boolean ensureIsUpToDate)
   ? System.Web.Compilation.BuildManager.GetVPathBuildResultWithNoAssert(HttpContext context, VirtualPath virtualPath, Boolean noBuild, Boolean allowCrossApp, Boolean allowBuildInPrecompile, Boolean throwIfNotFound, Boolean ensureIsUpToDate)
   ? System.Web.Compilation.BuildManager.GetVPathBuildResult(HttpContext context, VirtualPath virtualPath, Boolean noBuild, Boolean allowCrossApp, Boolean allowBuildInPrecompile, Boolean ensureIsUpToDate)
   ? System.Web.Compilation.BuildManager.GetCompiledAssembly(String virtualPath)
   ? Orchard.Environment.DefaultBuildManager.GetCompiledAssembly(String virtualPath) ? d:\tmp\My\Orchard.Source.1.7.2\src\Orchard\Environment\IBuildManager.cs:?????? 53
2013-12-25 18:08:47,854 [42] Orchard.Environment.DefaultBuildManager - Error when compiling assembly under ~/Modules/InsertModuleInContent/InsertModuleInContent.csproj.
System.Web.HttpCompileException (0x80004005): d:\tmp\My\Orchard.Source.1.7.2\src\Orchard.Web\Modules\InsertModuleInContent\Filters\HtmlFilter.cs(19): error CS1041: Identifier expected; 'return' is a keyword
   ? System.Web.Compilation.BuildManager.PostProcessFoundBuildResult(BuildResult result, Boolean keyFromVPP, VirtualPath virtualPath)
   ? System.Web.Compilation.BuildManager.GetBuildResultFromCacheInternal(String cacheKey, Boolean keyFromVPP, VirtualPath virtualPath, Int64 hashCode, Boolean ensureIsUpToDate)
   ? System.Web.Compilation.BuildManager.GetVPathBuildResultFromCacheInternal(VirtualPath virtualPath, Boolean ensureIsUpToDate)
   ? System.Web.Compilation.BuildManager.GetVPathBuildResultInternal(VirtualPath virtualPath, Boolean noBuild, Boolean allowCrossApp, Boolean allowBuildInPrecompile, Boolean throwIfNotFound, Boolean ensureIsUpToDate)
   ? System.Web.Compilation.BuildManager.GetVPathBuildResultWithNoAssert(HttpContext context, VirtualPath virtualPath, Boolean noBuild, Boolean allowCrossApp, Boolean allowBuildInPrecompile, Boolean throwIfNotFound, Boolean ensureIsUpToDate)
   ? System.Web.Compilation.BuildManager.GetVPathBuildResult(HttpContext context, VirtualPath virtualPath, Boolean noBuild, Boolean allowCrossApp, Boolean allowBuildInPrecompile, Boolean ensureIsUpToDate)
   ? System.Web.Compilation.BuildManager.GetCompiledAssembly(String virtualPath)
   ? Orchard.Environment.DefaultBuildManager.GetCompiledAssembly(String virtualPath) ? d:\tmp\My\Orchard.Source.1.7.2\src\Orchard\Environment\IBuildManager.cs:?????? 53
2013-12-25 18:08:48,914 [42] Orchard.Environment.DefaultBuildManager - Error when compiling assembly under ~/Modules/InsertModuleInContent/InsertModuleInContent.csproj.
System.Web.HttpCompileException (0x80004005): d:\tmp\My\Orchard.Source.1.7.2\src\Orchard.Web\Modules\InsertModuleInContent\Filters\HtmlFilter.cs(19): error CS1041: Identifier expected; 'return' is a keyword
   ? System.Web.Compilation.BuildManager.PostProcessFoundBuildResult(BuildResult result, Boolean keyFromVPP, VirtualPath virtualPath)
   ? System.Web.Compilation.BuildManager.GetBuildResultFromCacheInternal(String cacheKey, Boolean keyFromVPP, VirtualPath virtualPath, Int64 hashCode, Boolean ensureIsUpToDate)
   ? System.Web.Compilation.BuildManager.GetVPathBuildResultFromCacheInternal(VirtualPath virtualPath, Boolean ensureIsUpToDate)
   ? System.Web.Compilation.BuildManager.GetVPathBuildResultInternal(VirtualPath virtualPath, Boolean noBuild, Boolean allowCrossApp, Boolean allowBuildInPrecompile, Boolean throwIfNotFound, Boolean ensureIsUpToDate)
   ? System.Web.Compilation.BuildManager.GetVPathBuildResultWithNoAssert(HttpContext context, VirtualPath virtualPath, Boolean noBuild, Boolean allowCrossApp, Boolean allowBuildInPrecompile, Boolean throwIfNotFound, Boolean ensureIsUpToDate)
   ? System.Web.Compilation.BuildManager.GetVPathBuildResult(HttpContext context, VirtualPath virtualPath, Boolean noBuild, Boolean allowCrossApp, Boolean allowBuildInPrecompile, Boolean ensureIsUpToDate)
   ? System.Web.Compilation.BuildManager.GetCompiledAssembly(String virtualPath)
   ? Orchard.Environment.DefaultBuildManager.GetCompiledAssembly(String virtualPath) ? d:\tmp\My\Orchard.Source.1.7.2\src\Orchard\Environment\IBuildManager.cs:?????? 53
2013-12-25 18:11:13,368 [48] Orchard.Environment.DefaultBuildManager - Error when compiling assembly under ~/Modules/InsertModuleInContent/InsertModuleInContent.csproj.
System.Web.HttpCompileException (0x80004005): d:\tmp\My\Orchard.Source.1.7.2\src\Orchard.Web\Modules\InsertModuleInContent\Filters\HtmlFilter.cs(19): error CS1041: Identifier expected; 'return' is a keyword
   ? System.Web.Compilation.AssemblyBuilder.Compile()
   ? System.Web.Compilation.BuildProvidersCompiler.PerformBuild()
   ? System.Web.Compilation.BuildManager.CompileWebFile(VirtualPath virtualPath)
   ? System.Web.Compilation.BuildManager.GetVPathBuildResultInternal(VirtualPath virtualPath, Boolean noBuild, Boolean allowCrossApp, Boolean allowBuildInPrecompile, Boolean throwIfNotFound, Boolean ensureIsUpToDate)
   ? System.Web.Compilation.BuildManager.GetVPathBuildResultWithNoAssert(HttpContext context, VirtualPath virtualPath, Boolean noBuild, Boolean allowCrossApp, Boolean allowBuildInPrecompile, Boolean throwIfNotFound, Boolean ensureIsUpToDate)
   ? System.Web.Compilation.BuildManager.GetVPathBuildResult(HttpContext context, VirtualPath virtualPath, Boolean noBuild, Boolean allowCrossApp, Boolean allowBuildInPrecompile, Boolean ensureIsUpToDate)
   ? System.Web.Compilation.BuildManager.GetCompiledAssembly(String virtualPath)
   ? Orchard.Environment.DefaultBuildManager.GetCompiledAssembly(String virtualPath) ? d:\tmp\My\Orchard.Source.1.7.2\src\Orchard\Environment\IBuildManager.cs:?????? 53
2013-12-25 18:11:13,398 [48] Orchard.Environment.DefaultBuildManager - Error when compiling assembly under ~/Modules/InsertModuleInContent/InsertModuleInContent.csproj.
System.Web.HttpCompileException (0x80004005): d:\tmp\My\Orchard.Source.1.7.2\src\Orchard.Web\Modules\InsertModuleInContent\Filters\HtmlFilter.cs(19): error CS1041: Identifier expected; 'return' is a keyword
   ? System.Web.Compilation.BuildManager.PostProcessFoundBuildResult(BuildResult result, Boolean keyFromVPP, VirtualPath virtualPath)
   ? System.Web.Compilation.BuildManager.GetBuildResultFromCacheInternal(String cacheKey, Boolean keyFromVPP, VirtualPath virtualPath, Int64 hashCode, Boolean ensureIsUpToDate)
   ? System.Web.Compilation.BuildManager.GetVPathBuildResultFromCacheInternal(VirtualPath virtualPath, Boolean ensureIsUpToDate)
   ? System.Web.Compilation.BuildManager.GetVPathBuildResultInternal(VirtualPath virtualPath, Boolean noBuild, Boolean allowCrossApp, Boolean allowBuildInPrecompile, Boolean throwIfNotFound, Boolean ensureIsUpToDate)
   ? System.Web.Compilation.BuildManager.GetVPathBuildResultWithNoAssert(HttpContext context, VirtualPath virtualPath, Boolean noBuild, Boolean allowCrossApp, Boolean allowBuildInPrecompile, Boolean throwIfNotFound, Boolean ensureIsUpToDate)
   ? System.Web.Compilation.BuildManager.GetVPathBuildResult(HttpContext context, VirtualPath virtualPath, Boolean noBuild, Boolean allowCrossApp, Boolean allowBuildInPrecompile, Boolean ensureIsUpToDate)
   ? System.Web.Compilation.BuildManager.GetCompiledAssembly(String virtualPath)
   ? Orchard.Environment.DefaultBuildManager.GetCompiledAssembly(String virtualPath) ? d:\tmp\My\Orchard.Source.1.7.2\src\Orchard\Environment\IBuildManager.cs:?????? 53
2013-12-25 18:11:13,407 [48] Orchard.Environment.DefaultBuildManager - Error when compiling assembly under ~/Modules/InsertModuleInContent/InsertModuleInContent.csproj.
System.Web.HttpCompileException (0x80004005): d:\tmp\My\Orchard.Source.1.7.2\src\Orchard.Web\Modules\InsertModuleInContent\Filters\HtmlFilter.cs(19): error CS1041: Identifier expected; 'return' is a keyword
   ? System.Web.Compilation.BuildManager.PostProcessFoundBuildResult(BuildResult result, Boolean keyFromVPP, VirtualPath virtualPath)
   ? System.Web.Compilation.BuildManager.GetBuildResultFromCacheInternal(String cacheKey, Boolean keyFromVPP, VirtualPath virtualPath, Int64 hashCode, Boolean ensureIsUpToDate)
   ? System.Web.Compilation.BuildManager.GetVPathBuildResultFromCacheInternal(VirtualPath virtualPath, Boolean ensureIsUpToDate)
   ? System.Web.Compilation.BuildManager.GetVPathBuildResultInternal(VirtualPath virtualPath, Boolean noBuild, Boolean allowCrossApp, Boolean allowBuildInPrecompile, Boolean throwIfNotFound, Boolean ensureIsUpToDate)
   ? System.Web.Compilation.BuildManager.GetVPathBuildResultWithNoAssert(HttpContext context, VirtualPath virtualPath, Boolean noBuild, Boolean allowCrossApp, Boolean allowBuildInPrecompile, Boolean throwIfNotFound, Boolean ensureIsUpToDate)
   ? System.Web.Compilation.BuildManager.GetVPathBuildResult(HttpContext context, VirtualPath virtualPath, Boolean noBuild, Boolean allowCrossApp, Boolean allowBuildInPrecompile, Boolean ensureIsUpToDate)
   ? System.Web.Compilation.BuildManager.GetCompiledAssembly(String virtualPath)
   ? Orchard.Environment.DefaultBuildManager.GetCompiledAssembly(String virtualPath) ? d:\tmp\My\Orchard.Source.1.7.2\src\Orchard\Environment\IBuildManager.cs:?????? 53
2013-12-25 18:11:13,432 [48] Orchard.Environment.DefaultBuildManager - Error when compiling assembly under ~/Modules/InsertModuleInContent/InsertModuleInContent.csproj.
System.Web.HttpCompileException (0x80004005): d:\tmp\My\Orchard.Source.1.7.2\src\Orchard.Web\Modules\InsertModuleInContent\Filters\HtmlFilter.cs(19): error CS1041: Identifier expected; 'return' is a keyword
   ? System.Web.Compilation.BuildManager.PostProcessFoundBuildResult(BuildResult result, Boolean keyFromVPP, VirtualPath virtualPath)
   ? System.Web.Compilation.BuildManager.GetBuildResultFromCacheInternal(String cacheKey, Boolean keyFromVPP, VirtualPath virtualPath, Int64 hashCode, Boolean ensureIsUpToDate)
   ? System.Web.Compilation.BuildManager.GetVPathBuildResultFromCacheInternal(VirtualPath virtualPath, Boolean ensureIsUpToDate)
   ? System.Web.Compilation.BuildManager.GetVPathBuildResultInternal(VirtualPath virtualPath, Boolean noBuild, Boolean allowCrossApp, Boolean allowBuildInPrecompile, Boolean throwIfNotFound, Boolean ensureIsUpToDate)
   ? System.Web.Compilation.BuildManager.GetVPathBuildResultWithNoAssert(HttpContext context, VirtualPath virtualPath, Boolean noBuild, Boolean allowCrossApp, Boolean allowBuildInPrecompile, Boolean throwIfNotFound, Boolean ensureIsUpToDate)
   ? System.Web.Compilation.BuildManager.GetVPathBuildResult(HttpContext context, VirtualPath virtualPath, Boolean noBuild, Boolean allowCrossApp, Boolean allowBuildInPrecompile, Boolean ensureIsUpToDate)
   ? System.Web.Compilation.BuildManager.GetCompiledAssembly(String virtualPath)
   ? Orchard.Environment.DefaultBuildManager.GetCompiledAssembly(String virtualPath) ? d:\tmp\My\Orchard.Source.1.7.2\src\Orchard\Environment\IBuildManager.cs:?????? 53
2013-12-25 18:11:13,468 [48] Orchard.Environment.DefaultBuildManager - Error when compiling assembly under ~/Modules/InsertModuleInContent/InsertModuleInContent.csproj.
System.Web.HttpCompileException (0x80004005): d:\tmp\My\Orchard.Source.1.7.2\src\Orchard.Web\Modules\InsertModuleInContent\Filters\HtmlFilter.cs(19): error CS1041: Identifier expected; 'return' is a keyword
   ? System.Web.Compilation.BuildManager.PostProcessFoundBuildResult(BuildResult result, Boolean keyFromVPP, VirtualPath virtualPath)
   ? System.Web.Compilation.BuildManager.GetBuildResultFromCacheInternal(String cacheKey, Boolean keyFromVPP, VirtualPath virtualPath, Int64 hashCode, Boolean ensureIsUpToDate)
   ? System.Web.Compilation.BuildManager.GetVPathBuildResultFromCacheInternal(VirtualPath virtualPath, Boolean ensureIsUpToDate)
   ? System.Web.Compilation.BuildManager.GetVPathBuildResultInternal(VirtualPath virtualPath, Boolean noBuild, Boolean allowCrossApp, Boolean allowBuildInPrecompile, Boolean throwIfNotFound, Boolean ensureIsUpToDate)
   ? System.Web.Compilation.BuildManager.GetVPathBuildResultWithNoAssert(HttpContext context, VirtualPath virtualPath, Boolean noBuild, Boolean allowCrossApp, Boolean allowBuildInPrecompile, Boolean throwIfNotFound, Boolean ensureIsUpToDate)
   ? System.Web.Compilation.BuildManager.GetVPathBuildResult(HttpContext context, VirtualPath virtualPath, Boolean noBuild, Boolean allowCrossApp, Boolean allowBuildInPrecompile, Boolean ensureIsUpToDate)
   ? System.Web.Compilation.BuildManager.GetCompiledAssembly(String virtualPath)
   ? Orchard.Environment.DefaultBuildManager.GetCompiledAssembly(String virtualPath) ? d:\tmp\My\Orchard.Source.1.7.2\src\Orchard\Environment\IBuildManager.cs:?????? 53
2013-12-25 18:11:13,492 [48] Orchard.Environment.DefaultBuildManager - Error when compiling assembly under ~/Modules/InsertModuleInContent/InsertModuleInContent.csproj.
System.Web.HttpCompileException (0x80004005): d:\tmp\My\Orchard.Source.1.7.2\src\Orchard.Web\Modules\InsertModuleInContent\Filters\HtmlFilter.cs(19): error CS1041: Identifier expected; 'return' is a keyword
   ? System.Web.Compilation.BuildManager.PostProcessFoundBuildResult(BuildResult result, Boolean keyFromVPP, VirtualPath virtualPath)
   ? System.Web.Compilation.BuildManager.GetBuildResultFromCacheInternal(String cacheKey, Boolean keyFromVPP, VirtualPath virtualPath, Int64 hashCode, Boolean ensureIsUpToDate)
   ? System.Web.Compilation.BuildManager.GetVPathBuildResultFromCacheInternal(VirtualPath virtualPath, Boolean ensureIsUpToDate)
   ? System.Web.Compilation.BuildManager.GetVPathBuildResultInternal(VirtualPath virtualPath, Boolean noBuild, Boolean allowCrossApp, Boolean allowBuildInPrecompile, Boolean throwIfNotFound, Boolean ensureIsUpToDate)
   ? System.Web.Compilation.BuildManager.GetVPathBuildResultWithNoAssert(HttpContext context, VirtualPath virtualPath, Boolean noBuild, Boolean allowCrossApp, Boolean allowBuildInPrecompile, Boolean throwIfNotFound, Boolean ensureIsUpToDate)
   ? System.Web.Compilation.BuildManager.GetVPathBuildResult(HttpContext context, VirtualPath virtualPath, Boolean noBuild, Boolean allowCrossApp, Boolean allowBuildInPrecompile, Boolean ensureIsUpToDate)
   ? System.Web.Compilation.BuildManager.GetCompiledAssembly(String virtualPath)
   ? Orchard.Environment.DefaultBuildManager.GetCompiledAssembly(String virtualPath) ? d:\tmp\My\Orchard.Source.1.7.2\src\Orchard\Environment\IBuildManager.cs:?????? 53
2013-12-25 18:11:13,515 [48] Orchard.Environment.DefaultBuildManager - Error when compiling assembly under ~/Modules/InsertModuleInContent/InsertModuleInContent.csproj.
System.Web.HttpCompileException (0x80004005): d:\tmp\My\Orchard.Source.1.7.2\src\Orchard.Web\Modules\InsertModuleInContent\Filters\HtmlFilter.cs(19): error CS1041: Identifier expected; 'return' is a keyword
   ? System.Web.Compilation.BuildManager.PostProcessFoundBuildResult(BuildResult result, Boolean keyFromVPP, VirtualPath virtualPath)
   ? System.Web.Compilation.BuildManager.GetBuildResultFromCacheInternal(String cacheKey, Boolean keyFromVPP, VirtualPath virtualPath, Int64 hashCode, Boolean ensureIsUpToDate)
   ? System.Web.Compilation.BuildManager.GetVPathBuildResultFromCacheInternal(VirtualPath virtualPath, Boolean ensureIsUpToDate)
   ? System.Web.Compilation.BuildManager.GetVPathBuildResultInternal(VirtualPath virtualPath, Boolean noBuild, Boolean allowCrossApp, Boolean allowBuildInPrecompile, Boolean throwIfNotFound, Boolean ensureIsUpToDate)
   ? System.Web.Compilation.BuildManager.GetVPathBuildResultWithNoAssert(HttpContext context, VirtualPath virtualPath, Boolean noBuild, Boolean allowCrossApp, Boolean allowBuildInPrecompile, Boolean throwIfNotFound, Boolean ensureIsUpToDate)
   ? System.Web.Compilation.BuildManager.GetVPathBuildResult(HttpContext context, VirtualPath virtualPath, Boolean noBuild, Boolean allowCrossApp, Boolean allowBuildInPrecompile, Boolean ensureIsUpToDate)
   ? System.Web.Compilation.BuildManager.GetCompiledAssembly(String virtualPath)
   ? Orchard.Environment.DefaultBuildManager.GetCompiledAssembly(String virtualPath) ? d:\tmp\My\Orchard.Source.1.7.2\src\Orchard\Environment\IBuildManager.cs:?????? 53
2013-12-25 18:11:13,534 [48] Orchard.Environment.DefaultBuildManager - Error when compiling assembly under ~/Modules/InsertModuleInContent/InsertModuleInContent.csproj.
System.Web.HttpCompileException (0x80004005): d:\tmp\My\Orchard.Source.1.7.2\src\Orchard.Web\Modules\InsertModuleInContent\Filters\HtmlFilter.cs(19): error CS1041: Identifier expected; 'return' is a keyword
   ? System.Web.Compilation.BuildManager.PostProcessFoundBuildResult(BuildResult result, Boolean keyFromVPP, VirtualPath virtualPath)
   ? System.Web.Compilation.BuildManager.GetBuildResultFromCacheInternal(String cacheKey, Boolean keyFromVPP, VirtualPath virtualPath, Int64 hashCode, Boolean ensureIsUpToDate)
   ? System.Web.Compilation.BuildManager.GetVPathBuildResultFromCacheInternal(VirtualPath virtualPath, Boolean ensureIsUpToDate)
   ? System.Web.Compilation.BuildManager.GetVPathBuildResultInternal(VirtualPath virtualPath, Boolean noBuild, Boolean allowCrossApp, Boolean allowBuildInPrecompile, Boolean throwIfNotFound, Boolean ensureIsUpToDate)
   ? System.Web.Compilation.BuildManager.GetVPathBuildResultWithNoAssert(HttpContext context, VirtualPath virtualPath, Boolean noBuild, Boolean allowCrossApp, Boolean allowBuildInPrecompile, Boolean throwIfNotFound, Boolean ensureIsUpToDate)
   ? System.Web.Compilation.BuildManager.GetVPathBuildResult(HttpContext context, VirtualPath virtualPath, Boolean noBuild, Boolean allowCrossApp, Boolean allowBuildInPrecompile, Boolean ensureIsUpToDate)
   ? System.Web.Compilation.BuildManager.GetCompiledAssembly(String virtualPath)
   ? Orchard.Environment.DefaultBuildManager.GetCompiledAssembly(String virtualPath) ? d:\tmp\My\Orchard.Source.1.7.2\src\Orchard\Environment\IBuildManager.cs:?????? 53
2013-12-25 18:11:13,547 [48] Orchard.Environment.DefaultBuildManager - Error when compiling assembly under ~/Modules/InsertModuleInContent/InsertModuleInContent.csproj.
System.Web.HttpCompileException (0x80004005): d:\tmp\My\Orchard.Source.1.7.2\src\Orchard.Web\Modules\InsertModuleInContent\Filters\HtmlFilter.cs(19): error CS1041: Identifier expected; 'return' is a keyword
   ? System.Web.Compilation.BuildManager.PostProcessFoundBuildResult(BuildResult result, Boolean keyFromVPP, VirtualPath virtualPath)
   ? System.Web.Compilation.BuildManager.GetBuildResultFromCacheInternal(String cacheKey, Boolean keyFromVPP, VirtualPath virtualPath, Int64 hashCode, Boolean ensureIsUpToDate)
   ? System.Web.Compilation.BuildManager.GetVPathBuildResultFromCacheInternal(VirtualPath virtualPath, Boolean ensureIsUpToDate)
   ? System.Web.Compilation.BuildManager.GetVPathBuildResultInternal(VirtualPath virtualPath, Boolean noBuild, Boolean allowCrossApp, Boolean allowBuildInPrecompile, Boolean throwIfNotFound, Boolean ensureIsUpToDate)
   ? System.Web.Compilation.BuildManager.GetVPathBuildResultWithNoAssert(HttpContext context, VirtualPath virtualPath, Boolean noBuild, Boolean allowCrossApp, Boolean allowBuildInPrecompile, Boolean throwIfNotFound, Boolean ensureIsUpToDate)
   ? System.Web.Compilation.BuildManager.GetVPathBuildResult(HttpContext context, VirtualPath virtualPath, Boolean noBuild, Boolean allowCrossApp, Boolean allowBuildInPrecompile, Boolean ensureIsUpToDate)
   ? System.Web.Compilation.BuildManager.GetCompiledAssembly(String virtualPath)
   ? Orchard.Environment.DefaultBuildManager.GetCompiledAssembly(String virtualPath) ? d:\tmp\My\Orchard.Source.1.7.2\src\Orchard\Environment\IBuildManager.cs:?????? 53
2013-12-25 18:28:18,789 [5] Orchard.Environment.Extensions.ExtensionManager - No suitable loader found for extension "MyTheme"
2013-12-25 18:28:29,385 [11] Orchard.ContentManagement.Drivers.Coordinators.ContentFieldDriverCoordinator - InvalidCastException thrown from IContentFieldDriver by Orchard.Core.Common.Drivers.TextFieldDriver
System.InvalidCastException: ???????? ?????????? ???????? ????????????.
   ? Orchard.ContentManagement.ContentCreateExtensions.New[T](IContentManager manager, String contentType) ? d:\tmp\My\Orchard.Source.1.7.2\src\Orchard\ContentManagement\ContentExtensions.cs:?????? 19
   ? InsertModuleInContent.Filters.HtmlFilter.ProcessContent(String text, String flavor) ? d:\tmp\My\Orchard.Source.1.7.2\src\Orchard.Web\Modules\InsertModuleInContent\Filters\HtmlFilter.cs:?????? 20
   ? Orchard.Core.Common.Drivers.TextFieldDriver.<>c__DisplayClass4.<>c__DisplayClass6.<Display>b__3(String text, IHtmlFilter filter) ? d:\tmp\My\Orchard.Source.1.7.2\src\Orchard.Web\Core\Common\Drivers\TextFieldDriver.cs:?????? 41
   ? System.Linq.Enumerable.Aggregate[TSource,TAccumulate](IEnumerable`1 source, TAccumulate seed, Func`3 func)
   ? Orchard.Core.Common.Drivers.TextFieldDriver.<>c__DisplayClass4.<Display>b__2() ? d:\tmp\My\Orchard.Source.1.7.2\src\Orchard.Web\Core\Common\Drivers\TextFieldDriver.cs:?????? 41
   ? Orchard.ContentManagement.Drivers.ContentFieldDriver`1.<>c__DisplayClass39.<ContentShape>b__38(BuildShapeContext ctx) ? d:\tmp\My\Orchard.Source.1.7.2\src\Orchard\ContentManagement\Drivers\ContentFieldDriver.cs:?????? 123
   ? Orchard.ContentManagement.Drivers.ContentFieldDriver`1.<>c__DisplayClass42.<ContentShapeImplementation>b__41(BuildShapeContext ctx) ? d:\tmp\My\Orchard.Source.1.7.2\src\Orchard\ContentManagement\Drivers\ContentFieldDriver.cs:?????? 135
   ? Orchard.ContentManagement.Drivers.ContentShapeResult.ApplyImplementation(BuildShapeContext context, String displayType) ? d:\tmp\My\Orchard.Source.1.7.2\src\Orchard\ContentManagement\Drivers\ContentShapeResult.cs:?????? 36
   ? Orchard.ContentManagement.Drivers.ContentShapeResult.Apply(BuildDisplayContext context) ? d:\tmp\My\Orchard.Source.1.7.2\src\Orchard\ContentManagement\Drivers\ContentShapeResult.cs:?????? 21
   ? Orchard.ContentManagement.Drivers.CombinedResult.Apply(BuildDisplayContext context) ? d:\tmp\My\Orchard.Source.1.7.2\src\Orchard\ContentManagement\Drivers\CombinedResult.cs:?????? 28
   ? Orchard.ContentManagement.Drivers.Coordinators.ContentFieldDriverCoordinator.<>c__DisplayClass9.<BuildDisplay>b__8(IContentFieldDriver driver) ? d:\tmp\My\Orchard.Source.1.7.2\src\Orchard\ContentManagement\Drivers\Coordinators\ContentFieldDriverCoordinator.cs:?????? 58
   ? Orchard.InvokeExtensions.Invoke[TEvents](IEnumerable`1 events, Action`1 dispatch, ILogger logger) ? d:\tmp\My\Orchard.Source.1.7.2\src\Orchard\InvokeExtensions.cs:?????? 17
2013-12-25 18:28:29,522 [11] Orchard.ContentManagement.Drivers.Coordinators.ContentPartDriverCoordinator - InvalidCastException thrown from IContentPartDriver by Orchard.Core.Common.Drivers.BodyPartDriver
System.InvalidCastException: ???????? ?????????? ???????? ????????????.
   ? Orchard.ContentManagement.ContentCreateExtensions.New[T](IContentManager manager, String contentType) ? d:\tmp\My\Orchard.Source.1.7.2\src\Orchard\ContentManagement\ContentExtensions.cs:?????? 19
   ? InsertModuleInContent.Filters.HtmlFilter.ProcessContent(String text, String flavor) ? d:\tmp\My\Orchard.Source.1.7.2\src\Orchard.Web\Modules\InsertModuleInContent\Filters\HtmlFilter.cs:?????? 20
   ? Orchard.Core.Common.Drivers.BodyPartDriver.<>c__DisplayClass7.<Display>b__4(String text, IHtmlFilter filter) ? d:\tmp\My\Orchard.Source.1.7.2\src\Orchard.Web\Core\Common\Drivers\BodyPartDriver.cs:?????? 40
   ? System.Linq.Enumerable.Aggregate[TSource,TAccumulate](IEnumerable`1 source, TAccumulate seed, Func`3 func)
   ? Orchard.Core.Common.Drivers.BodyPartDriver.<>c__DisplayClass7.<Display>b__3() ? d:\tmp\My\Orchard.Source.1.7.2\src\Orchard.Web\Core\Common\Drivers\BodyPartDriver.cs:?????? 40
   ? Orchard.ContentManagement.Drivers.ContentPartDriver`1.<>c__DisplayClassf.<ContentShape>b__e(BuildShapeContext ctx) ? d:\tmp\My\Orchard.Source.1.7.2\src\Orchard\ContentManagement\Drivers\ContentPartDriver.cs:?????? 130
   ? Orchard.ContentManagement.Drivers.ContentPartDriver`1.<>c__DisplayClass15.<ContentShapeImplementation>b__14(BuildShapeContext ctx) ? d:\tmp\My\Orchard.Source.1.7.2\src\Orchard\ContentManagement\Drivers\ContentPartDriver.cs:?????? 139
   ? Orchard.ContentManagement.Drivers.ContentShapeResult.ApplyImplementation(BuildShapeContext context, String displayType) ? d:\tmp\My\Orchard.Source.1.7.2\src\Orchard\ContentManagement\Drivers\ContentShapeResult.cs:?????? 36
   ? Orchard.ContentManagement.Drivers.ContentShapeResult.Apply(BuildDisplayContext context) ? d:\tmp\My\Orchard.Source.1.7.2\src\Orchard\ContentManagement\Drivers\ContentShapeResult.cs:?????? 21
   ? Orchard.ContentManagement.Drivers.CombinedResult.Apply(BuildDisplayContext context) ? d:\tmp\My\Orchard.Source.1.7.2\src\Orchard\ContentManagement\Drivers\CombinedResult.cs:?????? 28
   ? Orchard.ContentManagement.Drivers.Coordinators.ContentPartDriverCoordinator.<>c__DisplayClassa.<BuildDisplay>b__9(IContentPartDriver driver) ? d:\tmp\My\Orchard.Source.1.7.2\src\Orchard\ContentManagement\Drivers\Coordinators\ContentPartDriverCoordinator.cs:?????? 49
   ? Orchard.InvokeExtensions.Invoke[TEvents](IEnumerable`1 events, Action`1 dispatch, ILogger logger) ? d:\tmp\My\Orchard.Source.1.7.2\src\Orchard\InvokeExtensions.cs:?????? 17
2013-12-25 18:28:31,557 [11] Orchard.ContentManagement.Drivers.Coordinators.ContentPartDriverCoordinator - InvalidCastException thrown from IContentPartDriver by Orchard.Core.Common.Drivers.BodyPartDriver
System.InvalidCastException: ???????? ?????????? ???????? ????????????.
   ? Orchard.ContentManagement.ContentCreateExtensions.New[T](IContentManager manager, String contentType) ? d:\tmp\My\Orchard.Source.1.7.2\src\Orchard\ContentManagement\ContentExtensions.cs:?????? 19
   ? InsertModuleInContent.Filters.HtmlFilter.ProcessContent(String text, String flavor) ? d:\tmp\My\Orchard.Source.1.7.2\src\Orchard.Web\Modules\InsertModuleInContent\Filters\HtmlFilter.cs:?????? 20
   ? Orchard.Core.Common.Drivers.BodyPartDriver.<>c__DisplayClass7.<Display>b__4(String text, IHtmlFilter filter) ? d:\tmp\My\Orchard.Source.1.7.2\src\Orchard.Web\Core\Common\Drivers\BodyPartDriver.cs:?????? 40
   ? System.Linq.Enumerable.Aggregate[TSource,TAccumulate](IEnumerable`1 source, TAccumulate seed, Func`3 func)
   ? Orchard.Core.Common.Drivers.BodyPartDriver.<>c__DisplayClass7.<Display>b__3() ? d:\tmp\My\Orchard.Source.1.7.2\src\Orchard.Web\Core\Common\Drivers\BodyPartDriver.cs:?????? 40
   ? Orchard.ContentManagement.Drivers.ContentPartDriver`1.<>c__DisplayClassf.<ContentShape>b__e(BuildShapeContext ctx) ? d:\tmp\My\Orchard.Source.1.7.2\src\Orchard\ContentManagement\Drivers\ContentPartDriver.cs:?????? 130
   ? Orchard.ContentManagement.Drivers.ContentPartDriver`1.<>c__DisplayClass15.<ContentShapeImplementation>b__14(BuildShapeContext ctx) ? d:\tmp\My\Orchard.Source.1.7.2\src\Orchard\ContentManagement\Drivers\ContentPartDriver.cs:?????? 139
   ? Orchard.ContentManagement.Drivers.ContentShapeResult.ApplyImplementation(BuildShapeContext context, String displayType) ? d:\tmp\My\Orchard.Source.1.7.2\src\Orchard\ContentManagement\Drivers\ContentShapeResult.cs:?????? 36
   ? Orchard.ContentManagement.Drivers.ContentShapeResult.Apply(BuildDisplayContext context) ? d:\tmp\My\Orchard.Source.1.7.2\src\Orchard\ContentManagement\Drivers\ContentShapeResult.cs:?????? 21
   ? Orchard.ContentManagement.Drivers.CombinedResult.Apply(BuildDisplayContext context) ? d:\tmp\My\Orchard.Source.1.7.2\src\Orchard\ContentManagement\Drivers\CombinedResult.cs:?????? 28
   ? Orchard.ContentManagement.Drivers.Coordinators.ContentPartDriverCoordinator.<>c__DisplayClassa.<BuildDisplay>b__9(IContentPartDriver driver) ? d:\tmp\My\Orchard.Source.1.7.2\src\Orchard\ContentManagement\Drivers\Coordinators\ContentPartDriverCoordinator.cs:?????? 49
   ? Orchard.InvokeExtensions.Invoke[TEvents](IEnumerable`1 events, Action`1 dispatch, ILogger logger) ? d:\tmp\My\Orchard.Source.1.7.2\src\Orchard\InvokeExtensions.cs:?????? 17
2013-12-25 18:28:32,061 [11] Orchard.ContentManagement.Drivers.Coordinators.ContentPartDriverCoordinator - InvalidCastException thrown from IContentPartDriver by Orchard.Core.Common.Drivers.BodyPartDriver
System.InvalidCastException: ???????? ?????????? ???????? ????????????.
   ? Orchard.ContentManagement.ContentCreateExtensions.New[T](IContentManager manager, String contentType) ? d:\tmp\My\Orchard.Source.1.7.2\src\Orchard\ContentManagement\ContentExtensions.cs:?????? 19
   ? InsertModuleInContent.Filters.HtmlFilter.ProcessContent(String text, String flavor) ? d:\tmp\My\Orchard.Source.1.7.2\src\Orchard.Web\Modules\InsertModuleInContent\Filters\HtmlFilter.cs:?????? 20
   ? Orchard.Core.Common.Drivers.BodyPartDriver.<>c__DisplayClass7.<Display>b__4(String text, IHtmlFilter filter) ? d:\tmp\My\Orchard.Source.1.7.2\src\Orchard.Web\Core\Common\Drivers\BodyPartDriver.cs:?????? 40
   ? System.Linq.Enumerable.Aggregate[TSource,TAccumulate](IEnumerable`1 source, TAccumulate seed, Func`3 func)
   ? Orchard.Core.Common.Drivers.BodyPartDriver.<>c__DisplayClass7.<Display>b__3() ? d:\tmp\My\Orchard.Source.1.7.2\src\Orchard.Web\Core\Common\Drivers\BodyPartDriver.cs:?????? 40
   ? Orchard.ContentManagement.Drivers.ContentPartDriver`1.<>c__DisplayClassf.<ContentShape>b__e(BuildShapeContext ctx) ? d:\tmp\My\Orchard.Source.1.7.2\src\Orchard\ContentManagement\Drivers\ContentPartDriver.cs:?????? 130
   ? Orchard.ContentManagement.Drivers.ContentPartDriver`1.<>c__DisplayClass15.<ContentShapeImplementation>b__14(BuildShapeContext ctx) ? d:\tmp\My\Orchard.Source.1.7.2\src\Orchard\ContentManagement\Drivers\ContentPartDriver.cs:?????? 139
   ? Orchard.ContentManagement.Drivers.ContentShapeResult.ApplyImplementation(BuildShapeContext context, String displayType) ? d:\tmp\My\Orchard.Source.1.7.2\src\Orchard\ContentManagement\Drivers\ContentShapeResult.cs:?????? 36
   ? Orchard.ContentManagement.Drivers.ContentShapeResult.Apply(BuildDisplayContext context) ? d:\tmp\My\Orchard.Source.1.7.2\src\Orchard\ContentManagement\Drivers\ContentShapeResult.cs:?????? 21
   ? Orchard.ContentManagement.Drivers.CombinedResult.Apply(BuildDisplayContext context) ? d:\tmp\My\Orchard.Source.1.7.2\src\Orchard\ContentManagement\Drivers\CombinedResult.cs:?????? 28
   ? Orchard.ContentManagement.Drivers.Coordinators.ContentPartDriverCoordinator.<>c__DisplayClassa.<BuildDisplay>b__9(IContentPartDriver driver) ? d:\tmp\My\Orchard.Source.1.7.2\src\Orchard\ContentManagement\Drivers\Coordinators\ContentPartDriverCoordinator.cs:?????? 49
   ? Orchard.InvokeExtensions.Invoke[TEvents](IEnumerable`1 events, Action`1 dispatch, ILogger logger) ? d:\tmp\My\Orchard.Source.1.7.2\src\Orchard\InvokeExtensions.cs:?????? 17
2013-12-25 18:28:32,145 [11] Orchard.ContentManagement.Drivers.Coordinators.ContentPartDriverCoordinator - InvalidCastException thrown from IContentPartDriver by Orchard.Core.Common.Drivers.BodyPartDriver
System.InvalidCastException: ???????? ?????????? ???????? ????????????.
   ? Orchard.ContentManagement.ContentCreateExtensions.New[T](IContentManager manager, String contentType) ? d:\tmp\My\Orchard.Source.1.7.2\src\Orchard\ContentManagement\ContentExtensions.cs:?????? 19
   ? InsertModuleInContent.Filters.HtmlFilter.ProcessContent(String text, String flavor) ? d:\tmp\My\Orchard.Source.1.7.2\src\Orchard.Web\Modules\InsertModuleInContent\Filters\HtmlFilter.cs:?????? 20
   ? Orchard.Core.Common.Drivers.BodyPartDriver.<>c__DisplayClass7.<Display>b__4(String text, IHtmlFilter filter) ? d:\tmp\My\Orchard.Source.1.7.2\src\Orchard.Web\Core\Common\Drivers\BodyPartDriver.cs:?????? 40
   ? System.Linq.Enumerable.Aggregate[TSource,TAccumulate](IEnumerable`1 source, TAccumulate seed, Func`3 func)
   ? Orchard.Core.Common.Drivers.BodyPartDriver.<>c__DisplayClass7.<Display>b__3() ? d:\tmp\My\Orchard.Source.1.7.2\src\Orchard.Web\Core\Common\Drivers\BodyPartDriver.cs:?????? 40
   ? Orchard.ContentManagement.Drivers.ContentPartDriver`1.<>c__DisplayClassf.<ContentShape>b__e(BuildShapeContext ctx) ? d:\tmp\My\Orchard.Source.1.7.2\src\Orchard\ContentManagement\Drivers\ContentPartDriver.cs:?????? 130
   ? Orchard.ContentManagement.Drivers.ContentPartDriver`1.<>c__DisplayClass15.<ContentShapeImplementation>b__14(BuildShapeContext ctx) ? d:\tmp\My\Orchard.Source.1.7.2\src\Orchard\ContentManagement\Drivers\ContentPartDriver.cs:?????? 139
   ? Orchard.ContentManagement.Drivers.ContentShapeResult.ApplyImplementation(BuildShapeContext context, String displayType) ? d:\tmp\My\Orchard.Source.1.7.2\src\Orchard\ContentManagement\Drivers\ContentShapeResult.cs:?????? 36
   ? Orchard.ContentManagement.Drivers.ContentShapeResult.Apply(BuildDisplayContext context) ? d:\tmp\My\Orchard.Source.1.7.2\src\Orchard\ContentManagement\Drivers\ContentShapeResult.cs:?????? 21
   ? Orchard.ContentManagement.Drivers.CombinedResult.Apply(BuildDisplayContext context) ? d:\tmp\My\Orchard.Source.1.7.2\src\Orchard\ContentManagement\Drivers\CombinedResult.cs:?????? 28
   ? Orchard.ContentManagement.Drivers.Coordinators.ContentPartDriverCoordinator.<>c__DisplayClassa.<BuildDisplay>b__9(IContentPartDriver driver) ? d:\tmp\My\Orchard.Source.1.7.2\src\Orchard\ContentManagement\Drivers\Coordinators\ContentPartDriverCoordinator.cs:?????? 49
   ? Orchard.InvokeExtensions.Invoke[TEvents](IEnumerable`1 events, Action`1 dispatch, ILogger logger) ? d:\tmp\My\Orchard.Source.1.7.2\src\Orchard\InvokeExtensions.cs:?????? 17
2013-12-25 18:28:34,876 [11] Orchard.ContentManagement.Drivers.Coordinators.ContentPartDriverCoordinator - InvalidCastException thrown from IContentPartDriver by Orchard.Core.Common.Drivers.BodyPartDriver
System.InvalidCastException: ???????? ?????????? ???????? ????????????.
   ? Orchard.ContentManagement.ContentCreateExtensions.New[T](IContentManager manager, String contentType) ? d:\tmp\My\Orchard.Source.1.7.2\src\Orchard\ContentManagement\ContentExtensions.cs:?????? 19
   ? InsertModuleInContent.Filters.HtmlFilter.ProcessContent(String text, String flavor) ? d:\tmp\My\Orchard.Source.1.7.2\src\Orchard.Web\Modules\InsertModuleInContent\Filters\HtmlFilter.cs:?????? 20
   ? Orchard.Core.Common.Drivers.BodyPartDriver.<>c__DisplayClass7.<Display>b__4(String text, IHtmlFilter filter) ? d:\tmp\My\Orchard.Source.1.7.2\src\Orchard.Web\Core\Common\Drivers\BodyPartDriver.cs:?????? 40
   ? System.Linq.Enumerable.Aggregate[TSource,TAccumulate](IEnumerable`1 source, TAccumulate seed, Func`3 func)
   ? Orchard.Core.Common.Drivers.BodyPartDriver.<>c__DisplayClass7.<Display>b__3() ? d:\tmp\My\Orchard.Source.1.7.2\src\Orchard.Web\Core\Common\Drivers\BodyPartDriver.cs:?????? 40
   ? Orchard.ContentManagement.Drivers.ContentPartDriver`1.<>c__DisplayClassf.<ContentShape>b__e(BuildShapeContext ctx) ? d:\tmp\My\Orchard.Source.1.7.2\src\Orchard\ContentManagement\Drivers\ContentPartDriver.cs:?????? 130
   ? Orchard.ContentManagement.Drivers.ContentPartDriver`1.<>c__DisplayClass15.<ContentShapeImplementation>b__14(BuildShapeContext ctx) ? d:\tmp\My\Orchard.Source.1.7.2\src\Orchard\ContentManagement\Drivers\ContentPartDriver.cs:?????? 139
   ? Orchard.ContentManagement.Drivers.ContentShapeResult.ApplyImplementation(BuildShapeContext context, String displayType) ? d:\tmp\My\Orchard.Source.1.7.2\src\Orchard\ContentManagement\Drivers\ContentShapeResult.cs:?????? 36
   ? Orchard.ContentManagement.Drivers.ContentShapeResult.Apply(BuildDisplayContext context) ? d:\tmp\My\Orchard.Source.1.7.2\src\Orchard\ContentManagement\Drivers\ContentShapeResult.cs:?????? 21
   ? Orchard.ContentManagement.Drivers.CombinedResult.Apply(BuildDisplayContext context) ? d:\tmp\My\Orchard.Source.1.7.2\src\Orchard\ContentManagement\Drivers\CombinedResult.cs:?????? 28
   ? Orchard.ContentManagement.Drivers.Coordinators.ContentPartDriverCoordinator.<>c__DisplayClassa.<BuildDisplay>b__9(IContentPartDriver driver) ? d:\tmp\My\Orchard.Source.1.7.2\src\Orchard\ContentManagement\Drivers\Coordinators\ContentPartDriverCoordinator.cs:?????? 49
   ? Orchard.InvokeExtensions.Invoke[TEvents](IEnumerable`1 events, Action`1 dispatch, ILogger logger) ? d:\tmp\My\Orchard.Source.1.7.2\src\Orchard\InvokeExtensions.cs:?????? 17
2013-12-25 18:28:34,959 [11] Orchard.ContentManagement.Drivers.Coordinators.ContentPartDriverCoordinator - InvalidCastException thrown from IContentPartDriver by Orchard.Core.Common.Drivers.BodyPartDriver
System.InvalidCastException: ???????? ?????????? ???????? ????????????.
   ? Orchard.ContentManagement.ContentCreateExtensions.New[T](IContentManager manager, String contentType) ? d:\tmp\My\Orchard.Source.1.7.2\src\Orchard\ContentManagement\ContentExtensions.cs:?????? 19
   ? InsertModuleInContent.Filters.HtmlFilter.ProcessContent(String text, String flavor) ? d:\tmp\My\Orchard.Source.1.7.2\src\Orchard.Web\Modules\InsertModuleInContent\Filters\HtmlFilter.cs:?????? 20
   ? Orchard.Core.Common.Drivers.BodyPartDriver.<>c__DisplayClass7.<Display>b__4(String text, IHtmlFilter filter) ? d:\tmp\My\Orchard.Source.1.7.2\src\Orchard.Web\Core\Common\Drivers\BodyPartDriver.cs:?????? 40
   ? System.Linq.Enumerable.Aggregate[TSource,TAccumulate](IEnumerable`1 source, TAccumulate seed, Func`3 func)
   ? Orchard.Core.Common.Drivers.BodyPartDriver.<>c__DisplayClass7.<Display>b__3() ? d:\tmp\My\Orchard.Source.1.7.2\src\Orchard.Web\Core\Common\Drivers\BodyPartDriver.cs:?????? 40
   ? Orchard.ContentManagement.Drivers.ContentPartDriver`1.<>c__DisplayClassf.<ContentShape>b__e(BuildShapeContext ctx) ? d:\tmp\My\Orchard.Source.1.7.2\src\Orchard\ContentManagement\Drivers\ContentPartDriver.cs:?????? 130
   ? Orchard.ContentManagement.Drivers.ContentPartDriver`1.<>c__DisplayClass15.<ContentShapeImplementation>b__14(BuildShapeContext ctx) ? d:\tmp\My\Orchard.Source.1.7.2\src\Orchard\ContentManagement\Drivers\ContentPartDriver.cs:?????? 139
   ? Orchard.ContentManagement.Drivers.ContentShapeResult.ApplyImplementation(BuildShapeContext context, String displayType) ? d:\tmp\My\Orchard.Source.1.7.2\src\Orchard\ContentManagement\Drivers\ContentShapeResult.cs:?????? 36
   ? Orchard.ContentManagement.Drivers.ContentShapeResult.Apply(BuildDisplayContext context) ? d:\tmp\My\Orchard.Source.1.7.2\src\Orchard\ContentManagement\Drivers\ContentShapeResult.cs:?????? 21
   ? Orchard.ContentManagement.Drivers.CombinedResult.Apply(BuildDisplayContext context) ? d:\tmp\My\Orchard.Source.1.7.2\src\Orchard\ContentManagement\Drivers\CombinedResult.cs:?????? 28
   ? Orchard.ContentManagement.Drivers.Coordinators.ContentPartDriverCoordinator.<>c__DisplayClassa.<BuildDisplay>b__9(IContentPartDriver driver) ? d:\tmp\My\Orchard.Source.1.7.2\src\Orchard\ContentManagement\Drivers\Coordinators\ContentPartDriverCoordinator.cs:?????? 49
   ? Orchard.InvokeExtensions.Invoke[TEvents](IEnumerable`1 events, Action`1 dispatch, ILogger logger) ? d:\tmp\My\Orchard.Source.1.7.2\src\Orchard\InvokeExtensions.cs:?????? 17
2013-12-25 18:29:59,524 [7] Orchard.ContentManagement.Drivers.Coordinators.ContentFieldDriverCoordinator - InvalidCastException thrown from IContentFieldDriver by Orchard.Core.Common.Drivers.TextFieldDriver
System.InvalidCastException: ???????? ?????????? ???????? ????????????.
   ? Orchard.ContentManagement.ContentCreateExtensions.New[T](IContentManager manager, String contentType) ? d:\tmp\My\Orchard.Source.1.7.2\src\Orchard\ContentManagement\ContentExtensions.cs:?????? 19
   ? InsertModuleInContent.Filters.HtmlFilter.ProcessContent(String text, String flavor) ? d:\tmp\My\Orchard.Source.1.7.2\src\Orchard.Web\Modules\InsertModuleInContent\Filters\HtmlFilter.cs:?????? 20
   ? Orchard.Core.Common.Drivers.TextFieldDriver.<>c__DisplayClass4.<>c__DisplayClass6.<Display>b__3(String text, IHtmlFilter filter) ? d:\tmp\My\Orchard.Source.1.7.2\src\Orchard.Web\Core\Common\Drivers\TextFieldDriver.cs:?????? 41
   ? System.Linq.Enumerable.Aggregate[TSource,TAccumulate](IEnumerable`1 source, TAccumulate seed, Func`3 func)
   ? Orchard.Core.Common.Drivers.TextFieldDriver.<>c__DisplayClass4.<Display>b__2() ? d:\tmp\My\Orchard.Source.1.7.2\src\Orchard.Web\Core\Common\Drivers\TextFieldDriver.cs:?????? 41
   ? Orchard.ContentManagement.Drivers.ContentFieldDriver`1.<>c__DisplayClass39.<ContentShape>b__38(BuildShapeContext ctx) ? d:\tmp\My\Orchard.Source.1.7.2\src\Orchard\ContentManagement\Drivers\ContentFieldDriver.cs:?????? 123
   ? Orchard.ContentManagement.Drivers.ContentFieldDriver`1.<>c__DisplayClass42.<ContentShapeImplementation>b__41(BuildShapeContext ctx) ? d:\tmp\My\Orchard.Source.1.7.2\src\Orchard\ContentManagement\Drivers\ContentFieldDriver.cs:?????? 135
   ? Orchard.ContentManagement.Drivers.ContentShapeResult.ApplyImplementation(BuildShapeContext context, String displayType) ? d:\tmp\My\Orchard.Source.1.7.2\src\Orchard\ContentManagement\Drivers\ContentShapeResult.cs:?????? 36
   ? Orchard.ContentManagement.Drivers.ContentShapeResult.Apply(BuildDisplayContext context) ? d:\tmp\My\Orchard.Source.1.7.2\src\Orchard\ContentManagement\Drivers\ContentShapeResult.cs:?????? 21
   ? Orchard.ContentManagement.Drivers.CombinedResult.Apply(BuildDisplayContext context) ? d:\tmp\My\Orchard.Source.1.7.2\src\Orchard\ContentManagement\Drivers\CombinedResult.cs:?????? 28
   ? Orchard.ContentManagement.Drivers.Coordinators.ContentFieldDriverCoordinator.<>c__DisplayClass9.<BuildDisplay>b__8(IContentFieldDriver driver) ? d:\tmp\My\Orchard.Source.1.7.2\src\Orchard\ContentManagement\Drivers\Coordinators\ContentFieldDriverCoordinator.cs:?????? 58
   ? Orchard.InvokeExtensions.Invoke[TEvents](IEnumerable`1 events, Action`1 dispatch, ILogger logger) ? d:\tmp\My\Orchard.Source.1.7.2\src\Orchard\InvokeExtensions.cs:?????? 17
2013-12-25 18:30:01,471 [7] Orchard.ContentManagement.Drivers.Coordinators.ContentPartDriverCoordinator - InvalidCastException thrown from IContentPartDriver by Orchard.Core.Common.Drivers.BodyPartDriver
System.InvalidCastException: ???????? ?????????? ???????? ????????????.
   ? Orchard.ContentManagement.ContentCreateExtensions.New[T](IContentManager manager, String contentType) ? d:\tmp\My\Orchard.Source.1.7.2\src\Orchard\ContentManagement\ContentExtensions.cs:?????? 19
   ? InsertModuleInContent.Filters.HtmlFilter.ProcessContent(String text, String flavor) ? d:\tmp\My\Orchard.Source.1.7.2\src\Orchard.Web\Modules\InsertModuleInContent\Filters\HtmlFilter.cs:?????? 20
   ? Orchard.Core.Common.Drivers.BodyPartDriver.<>c__DisplayClass7.<Display>b__4(String text, IHtmlFilter filter) ? d:\tmp\My\Orchard.Source.1.7.2\src\Orchard.Web\Core\Common\Drivers\BodyPartDriver.cs:?????? 40
   ? System.Linq.Enumerable.Aggregate[TSource,TAccumulate](IEnumerable`1 source, TAccumulate seed, Func`3 func)
   ? Orchard.Core.Common.Drivers.BodyPartDriver.<>c__DisplayClass7.<Display>b__3() ? d:\tmp\My\Orchard.Source.1.7.2\src\Orchard.Web\Core\Common\Drivers\BodyPartDriver.cs:?????? 40
   ? Orchard.ContentManagement.Drivers.ContentPartDriver`1.<>c__DisplayClassf.<ContentShape>b__e(BuildShapeContext ctx) ? d:\tmp\My\Orchard.Source.1.7.2\src\Orchard\ContentManagement\Drivers\ContentPartDriver.cs:?????? 130
   ? Orchard.ContentManagement.Drivers.ContentPartDriver`1.<>c__DisplayClass15.<ContentShapeImplementation>b__14(BuildShapeContext ctx) ? d:\tmp\My\Orchard.Source.1.7.2\src\Orchard\ContentManagement\Drivers\ContentPartDriver.cs:?????? 139
   ? Orchard.ContentManagement.Drivers.ContentShapeResult.ApplyImplementation(BuildShapeContext context, String displayType) ? d:\tmp\My\Orchard.Source.1.7.2\src\Orchard\ContentManagement\Drivers\ContentShapeResult.cs:?????? 36
   ? Orchard.ContentManagement.Drivers.ContentShapeResult.Apply(BuildDisplayContext context) ? d:\tmp\My\Orchard.Source.1.7.2\src\Orchard\ContentManagement\Drivers\ContentShapeResult.cs:?????? 21
   ? Orchard.ContentManagement.Drivers.CombinedResult.Apply(BuildDisplayContext context) ? d:\tmp\My\Orchard.Source.1.7.2\src\Orchard\ContentManagement\Drivers\CombinedResult.cs:?????? 28
   ? Orchard.ContentManagement.Drivers.Coordinators.ContentPartDriverCoordinator.<>c__DisplayClassa.<BuildDisplay>b__9(IContentPartDriver driver) ? d:\tmp\My\Orchard.Source.1.7.2\src\Orchard\ContentManagement\Drivers\Coordinators\ContentPartDriverCoordinator.cs:?????? 49
   ? Orchard.InvokeExtensions.Invoke[TEvents](IEnumerable`1 events, Action`1 dispatch, ILogger logger) ? d:\tmp\My\Orchard.Source.1.7.2\src\Orchard\InvokeExtensions.cs:?????? 17
2013-12-25 18:30:01,499 [7] Orchard.ContentManagement.Drivers.Coordinators.ContentPartDriverCoordinator - InvalidCastException thrown from IContentPartDriver by Orchard.Core.Common.Drivers.BodyPartDriver
System.InvalidCastException: ???????? ?????????? ???????? ????????????.
   ? Orchard.ContentManagement.ContentCreateExtensions.New[T](IContentManager manager, String contentType) ? d:\tmp\My\Orchard.Source.1.7.2\src\Orchard\ContentManagement\ContentExtensions.cs:?????? 19
   ? InsertModuleInContent.Filters.HtmlFilter.ProcessContent(String text, String flavor) ? d:\tmp\My\Orchard.Source.1.7.2\src\Orchard.Web\Modules\InsertModuleInContent\Filters\HtmlFilter.cs:?????? 20
   ? Orchard.Core.Common.Drivers.BodyPartDriver.<>c__DisplayClass7.<Display>b__4(String text, IHtmlFilter filter) ? d:\tmp\My\Orchard.Source.1.7.2\src\Orchard.Web\Core\Common\Drivers\BodyPartDriver.cs:?????? 40
   ? System.Linq.Enumerable.Aggregate[TSource,TAccumulate](IEnumerable`1 source, TAccumulate seed, Func`3 func)
   ? Orchard.Core.Common.Drivers.BodyPartDriver.<>c__DisplayClass7.<Display>b__3() ? d:\tmp\My\Orchard.Source.1.7.2\src\Orchard.Web\Core\Common\Drivers\BodyPartDriver.cs:?????? 40
   ? Orchard.ContentManagement.Drivers.ContentPartDriver`1.<>c__DisplayClassf.<ContentShape>b__e(BuildShapeContext ctx) ? d:\tmp\My\Orchard.Source.1.7.2\src\Orchard\ContentManagement\Drivers\ContentPartDriver.cs:?????? 130
   ? Orchard.ContentManagement.Drivers.ContentPartDriver`1.<>c__DisplayClass15.<ContentShapeImplementation>b__14(BuildShapeContext ctx) ? d:\tmp\My\Orchard.Source.1.7.2\src\Orchard\ContentManagement\Drivers\ContentPartDriver.cs:?????? 139
   ? Orchard.ContentManagement.Drivers.ContentShapeResult.ApplyImplementation(BuildShapeContext context, String displayType) ? d:\tmp\My\Orchard.Source.1.7.2\src\Orchard\ContentManagement\Drivers\ContentShapeResult.cs:?????? 36
   ? Orchard.ContentManagement.Drivers.ContentShapeResult.Apply(BuildDisplayContext context) ? d:\tmp\My\Orchard.Source.1.7.2\src\Orchard\ContentManagement\Drivers\ContentShapeResult.cs:?????? 21
   ? Orchard.ContentManagement.Drivers.CombinedResult.Apply(BuildDisplayContext context) ? d:\tmp\My\Orchard.Source.1.7.2\src\Orchard\ContentManagement\Drivers\CombinedResult.cs:?????? 28
   ? Orchard.ContentManagement.Drivers.Coordinators.ContentPartDriverCoordinator.<>c__DisplayClassa.<BuildDisplay>b__9(IContentPartDriver driver) ? d:\tmp\My\Orchard.Source.1.7.2\src\Orchard\ContentManagement\Drivers\Coordinators\ContentPartDriverCoordinator.cs:?????? 49
   ? Orchard.InvokeExtensions.Invoke[TEvents](IEnumerable`1 events, Action`1 dispatch, ILogger logger) ? d:\tmp\My\Orchard.Source.1.7.2\src\Orchard\InvokeExtensions.cs:?????? 17
2013-12-25 18:30:01,505 [7] Orchard.ContentManagement.Drivers.Coordinators.ContentPartDriverCoordinator - InvalidCastException thrown from IContentPartDriver by Orchard.Core.Common.Drivers.BodyPartDriver
System.InvalidCastException: ???????? ?????????? ???????? ????????????.
   ? Orchard.ContentManagement.ContentCreateExtensions.New[T](IContentManager manager, String contentType) ? d:\tmp\My\Orchard.Source.1.7.2\src\Orchard\ContentManagement\ContentExtensions.cs:?????? 19
   ? InsertModuleInContent.Filters.HtmlFilter.ProcessContent(String text, String flavor) ? d:\tmp\My\Orchard.Source.1.7.2\src\Orchard.Web\Modules\InsertModuleInContent\Filters\HtmlFilter.cs:?????? 20
   ? Orchard.Core.Common.Drivers.BodyPartDriver.<>c__DisplayClass7.<Display>b__4(String text, IHtmlFilter filter) ? d:\tmp\My\Orchard.Source.1.7.2\src\Orchard.Web\Core\Common\Drivers\BodyPartDriver.cs:?????? 40
   ? System.Linq.Enumerable.Aggregate[TSource,TAccumulate](IEnumerable`1 source, TAccumulate seed, Func`3 func)
   ? Orchard.Core.Common.Drivers.BodyPartDriver.<>c__DisplayClass7.<Display>b__3() ? d:\tmp\My\Orchard.Source.1.7.2\src\Orchard.Web\Core\Common\Drivers\BodyPartDriver.cs:?????? 40
   ? Orchard.ContentManagement.Drivers.ContentPartDriver`1.<>c__DisplayClassf.<ContentShape>b__e(BuildShapeContext ctx) ? d:\tmp\My\Orchard.Source.1.7.2\src\Orchard\ContentManagement\Drivers\ContentPartDriver.cs:?????? 130
   ? Orchard.ContentManagement.Drivers.ContentPartDriver`1.<>c__DisplayClass15.<ContentShapeImplementation>b__14(BuildShapeContext ctx) ? d:\tmp\My\Orchard.Source.1.7.2\src\Orchard\ContentManagement\Drivers\ContentPartDriver.cs:?????? 139
   ? Orchard.ContentManagement.Drivers.ContentShapeResult.ApplyImplementation(BuildShapeContext context, String displayType) ? d:\tmp\My\Orchard.Source.1.7.2\src\Orchard\ContentManagement\Drivers\ContentShapeResult.cs:?????? 36
   ? Orchard.ContentManagement.Drivers.ContentShapeResult.Apply(BuildDisplayContext context) ? d:\tmp\My\Orchard.Source.1.7.2\src\Orchard\ContentManagement\Drivers\ContentShapeResult.cs:?????? 21
   ? Orchard.ContentManagement.Drivers.CombinedResult.Apply(BuildDisplayContext context) ? d:\tmp\My\Orchard.Source.1.7.2\src\Orchard\ContentManagement\Drivers\CombinedResult.cs:?????? 28
   ? Orchard.ContentManagement.Drivers.Coordinators.ContentPartDriverCoordinator.<>c__DisplayClassa.<BuildDisplay>b__9(IContentPartDriver driver) ? d:\tmp\My\Orchard.Source.1.7.2\src\Orchard\ContentManagement\Drivers\Coordinators\ContentPartDriverCoordinator.cs:?????? 49
   ? Orchard.InvokeExtensions.Invoke[TEvents](IEnumerable`1 events, Action`1 dispatch, ILogger logger) ? d:\tmp\My\Orchard.Source.1.7.2\src\Orchard\InvokeExtensions.cs:?????? 17
2013-12-25 18:30:01,510 [7] Orchard.ContentManagement.Drivers.Coordinators.ContentPartDriverCoordinator - InvalidCastException thrown from IContentPartDriver by Orchard.Core.Common.Drivers.BodyPartDriver
System.InvalidCastException: ???????? ?????????? ???????? ????????????.
   ? Orchard.ContentManagement.ContentCreateExtensions.New[T](IContentManager manager, String contentType) ? d:\tmp\My\Orchard.Source.1.7.2\src\Orchard\ContentManagement\ContentExtensions.cs:?????? 19
   ? InsertModuleInContent.Filters.HtmlFilter.ProcessContent(String text, String flavor) ? d:\tmp\My\Orchard.Source.1.7.2\src\Orchard.Web\Modules\InsertModuleInContent\Filters\HtmlFilter.cs:?????? 20
   ? Orchard.Core.Common.Drivers.BodyPartDriver.<>c__DisplayClass7.<Display>b__4(String text, IHtmlFilter filter) ? d:\tmp\My\Orchard.Source.1.7.2\src\Orchard.Web\Core\Common\Drivers\BodyPartDriver.cs:?????? 40
   ? System.Linq.Enumerable.Aggregate[TSource,TAccumulate](IEnumerable`1 source, TAccumulate seed, Func`3 func)
   ? Orchard.Core.Common.Drivers.BodyPartDriver.<>c__DisplayClass7.<Display>b__3() ? d:\tmp\My\Orchard.Source.1.7.2\src\Orchard.Web\Core\Common\Drivers\BodyPartDriver.cs:?????? 40
   ? Orchard.ContentManagement.Drivers.ContentPartDriver`1.<>c__DisplayClassf.<ContentShape>b__e(BuildShapeContext ctx) ? d:\tmp\My\Orchard.Source.1.7.2\src\Orchard\ContentManagement\Drivers\ContentPartDriver.cs:?????? 130
   ? Orchard.ContentManagement.Drivers.ContentPartDriver`1.<>c__DisplayClass15.<ContentShapeImplementation>b__14(BuildShapeContext ctx) ? d:\tmp\My\Orchard.Source.1.7.2\src\Orchard\ContentManagement\Drivers\ContentPartDriver.cs:?????? 139
   ? Orchard.ContentManagement.Drivers.ContentShapeResult.ApplyImplementation(BuildShapeContext context, String displayType) ? d:\tmp\My\Orchard.Source.1.7.2\src\Orchard\ContentManagement\Drivers\ContentShapeResult.cs:?????? 36
   ? Orchard.ContentManagement.Drivers.ContentShapeResult.Apply(BuildDisplayContext context) ? d:\tmp\My\Orchard.Source.1.7.2\src\Orchard\ContentManagement\Drivers\ContentShapeResult.cs:?????? 21
   ? Orchard.ContentManagement.Drivers.CombinedResult.Apply(BuildDisplayContext context) ? d:\tmp\My\Orchard.Source.1.7.2\src\Orchard\ContentManagement\Drivers\CombinedResult.cs:?????? 28
   ? Orchard.ContentManagement.Drivers.Coordinators.ContentPartDriverCoordinator.<>c__DisplayClassa.<BuildDisplay>b__9(IContentPartDriver driver) ? d:\tmp\My\Orchard.Source.1.7.2\src\Orchard\ContentManagement\Drivers\Coordinators\ContentPartDriverCoordinator.cs:?????? 49
   ? Orchard.InvokeExtensions.Invoke[TEvents](IEnumerable`1 events, Action`1 dispatch, ILogger logger) ? d:\tmp\My\Orchard.Source.1.7.2\src\Orchard\InvokeExtensions.cs:?????? 17
2013-12-25 18:30:01,558 [7] Orchard.ContentManagement.Drivers.Coordinators.ContentPartDriverCoordinator - InvalidCastException thrown from IContentPartDriver by Orchard.Core.Common.Drivers.BodyPartDriver
System.InvalidCastException: ???????? ?????????? ???????? ????????????.
   ? Orchard.ContentManagement.ContentCreateExtensions.New[T](IContentManager manager, String contentType) ? d:\tmp\My\Orchard.Source.1.7.2\src\Orchard\ContentManagement\ContentExtensions.cs:?????? 19
   ? InsertModuleInContent.Filters.HtmlFilter.ProcessContent(String text, String flavor) ? d:\tmp\My\Orchard.Source.1.7.2\src\Orchard.Web\Modules\InsertModuleInContent\Filters\HtmlFilter.cs:?????? 20
   ? Orchard.Core.Common.Drivers.BodyPartDriver.<>c__DisplayClass7.<Display>b__4(String text, IHtmlFilter filter) ? d:\tmp\My\Orchard.Source.1.7.2\src\Orchard.Web\Core\Common\Drivers\BodyPartDriver.cs:?????? 40
   ? System.Linq.Enumerable.Aggregate[TSource,TAccumulate](IEnumerable`1 source, TAccumulate seed, Func`3 func)
   ? Orchard.Core.Common.Drivers.BodyPartDriver.<>c__DisplayClass7.<Display>b__3() ? d:\tmp\My\Orchard.Source.1.7.2\src\Orchard.Web\Core\Common\Drivers\BodyPartDriver.cs:?????? 40
   ? Orchard.ContentManagement.Drivers.ContentPartDriver`1.<>c__DisplayClassf.<ContentShape>b__e(BuildShapeContext ctx) ? d:\tmp\My\Orchard.Source.1.7.2\src\Orchard\ContentManagement\Drivers\ContentPartDriver.cs:?????? 130
   ? Orchard.ContentManagement.Drivers.ContentPartDriver`1.<>c__DisplayClass15.<ContentShapeImplementation>b__14(BuildShapeContext ctx) ? d:\tmp\My\Orchard.Source.1.7.2\src\Orchard\ContentManagement\Drivers\ContentPartDriver.cs:?????? 139
   ? Orchard.ContentManagement.Drivers.ContentShapeResult.ApplyImplementation(BuildShapeContext context, String displayType) ? d:\tmp\My\Orchard.Source.1.7.2\src\Orchard\ContentManagement\Drivers\ContentShapeResult.cs:?????? 36
   ? Orchard.ContentManagement.Drivers.ContentShapeResult.Apply(BuildDisplayContext context) ? d:\tmp\My\Orchard.Source.1.7.2\src\Orchard\ContentManagement\Drivers\ContentShapeResult.cs:?????? 21
   ? Orchard.ContentManagement.Drivers.CombinedResult.Apply(BuildDisplayContext context) ? d:\tmp\My\Orchard.Source.1.7.2\src\Orchard\ContentManagement\Drivers\CombinedResult.cs:?????? 28
   ? Orchard.ContentManagement.Drivers.Coordinators.ContentPartDriverCoordinator.<>c__DisplayClassa.<BuildDisplay>b__9(IContentPartDriver driver) ? d:\tmp\My\Orchard.Source.1.7.2\src\Orchard\ContentManagement\Drivers\Coordinators\ContentPartDriverCoordinator.cs:?????? 49
   ? Orchard.InvokeExtensions.Invoke[TEvents](IEnumerable`1 events, Action`1 dispatch, ILogger logger) ? d:\tmp\My\Orchard.Source.1.7.2\src\Orchard\InvokeExtensions.cs:?????? 17
2013-12-25 18:30:01,562 [7] Orchard.ContentManagement.Drivers.Coordinators.ContentPartDriverCoordinator - InvalidCastException thrown from IContentPartDriver by Orchard.Core.Common.Drivers.BodyPartDriver
System.InvalidCastException: ???????? ?????????? ???????? ????????????.
   ? Orchard.ContentManagement.ContentCreateExtensions.New[T](IContentManager manager, String contentType) ? d:\tmp\My\Orchard.Source.1.7.2\src\Orchard\ContentManagement\ContentExtensions.cs:?????? 19
   ? InsertModuleInContent.Filters.HtmlFilter.ProcessContent(String text, String flavor) ? d:\tmp\My\Orchard.Source.1.7.2\src\Orchard.Web\Modules\InsertModuleInContent\Filters\HtmlFilter.cs:?????? 20
   ? Orchard.Core.Common.Drivers.BodyPartDriver.<>c__DisplayClass7.<Display>b__4(String text, IHtmlFilter filter) ? d:\tmp\My\Orchard.Source.1.7.2\src\Orchard.Web\Core\Common\Drivers\BodyPartDriver.cs:?????? 40
   ? System.Linq.Enumerable.Aggregate[TSource,TAccumulate](IEnumerable`1 source, TAccumulate seed, Func`3 func)
   ? Orchard.Core.Common.Drivers.BodyPartDriver.<>c__DisplayClass7.<Display>b__3() ? d:\tmp\My\Orchard.Source.1.7.2\src\Orchard.Web\Core\Common\Drivers\BodyPartDriver.cs:?????? 40
   ? Orchard.ContentManagement.Drivers.ContentPartDriver`1.<>c__DisplayClassf.<ContentShape>b__e(BuildShapeContext ctx) ? d:\tmp\My\Orchard.Source.1.7.2\src\Orchard\ContentManagement\Drivers\ContentPartDriver.cs:?????? 130
   ? Orchard.ContentManagement.Drivers.ContentPartDriver`1.<>c__DisplayClass15.<ContentShapeImplementation>b__14(BuildShapeContext ctx) ? d:\tmp\My\Orchard.Source.1.7.2\src\Orchard\ContentManagement\Drivers\ContentPartDriver.cs:?????? 139
   ? Orchard.ContentManagement.Drivers.ContentShapeResult.ApplyImplementation(BuildShapeContext context, String displayType) ? d:\tmp\My\Orchard.Source.1.7.2\src\Orchard\ContentManagement\Drivers\ContentShapeResult.cs:?????? 36
   ? Orchard.ContentManagement.Drivers.ContentShapeResult.Apply(BuildDisplayContext context) ? d:\tmp\My\Orchard.Source.1.7.2\src\Orchard\ContentManagement\Drivers\ContentShapeResult.cs:?????? 21
   ? Orchard.ContentManagement.Drivers.CombinedResult.Apply(BuildDisplayContext context) ? d:\tmp\My\Orchard.Source.1.7.2\src\Orchard\ContentManagement\Drivers\CombinedResult.cs:?????? 28
   ? Orchard.ContentManagement.Drivers.Coordinators.ContentPartDriverCoordinator.<>c__DisplayClassa.<BuildDisplay>b__9(IContentPartDriver driver) ? d:\tmp\My\Orchard.Source.1.7.2\src\Orchard\ContentManagement\Drivers\Coordinators\ContentPartDriverCoordinator.cs:?????? 49
   ? Orchard.InvokeExtensions.Invoke[TEvents](IEnumerable`1 events, Action`1 dispatch, ILogger logger) ? d:\tmp\My\Orchard.Source.1.7.2\src\Orchard\InvokeExtensions.cs:?????? 17
2013-12-25 18:43:38,841 [5] Orchard.Environment.Extensions.ExtensionManager - No suitable loader found for extension "MyTheme"
2013-12-25 18:51:26,077 [5] Orchard.Environment.Extensions.ExtensionManager - No suitable loader found for extension "MyTheme"
